#
# There is insufficient memory for the Java Runtime Environment to continue.
# Native memory allocation (mmap) failed to map 65536 bytes for Failed to commit metaspace.
# Possible reasons:
#   The system is out of physical RAM or swap space
#   The process is running with CompressedOops enabled, and the Java Heap may be blocking the growth of the native heap
# Possible solutions:
#   Reduce memory load on the system
#   Increase physical memory or swap space
#   Check if swap backing store is full
#   Decrease Java heap size (-Xmx/-Xms)
#   Decrease number of Java threads
#   Decrease Java thread stack sizes (-Xss)
#   Set larger code cache with -XX:ReservedCodeCacheSize=
#   JVM is running with Zero Based Compressed Oops mode in which the Java heap is
#     placed in the first 32GB address space. The Java Heap base address is the
#     maximum limit for the native heap growth. Please use -XX:HeapBaseMinAddress
#     to set the Java Heap base and to place the Java Heap above 32GB virtual address.
# This output file may be truncated or incomplete.
#
#  Out of Memory Error (virtualSpaceNode.cpp:112), pid=5156, tid=11952
#
# JRE version: OpenJDK Runtime Environment (21.0.2+13) (build 21.0.2+13-58)
# Java VM: OpenJDK 64-Bit Server VM (21.0.2+13-58, mixed mode, emulated-client, sharing, tiered, compressed oops, compressed class ptrs, g1 gc, windows-amd64)
# No core dump will be written. Minidumps are not enabled by default on client versions of Windows
#

---------------  S U M M A R Y ------------

Command Line: -XX:TieredStopAtLevel=1 -Dspring.output.ansi.enabled=always -Dcom.sun.management.jmxremote -Dspring.jmx.enabled=true -Dspring.liveBeansView.mbeanDomain -Dspring.application.admin.enabled=true -Dmanagement.endpoints.jmx.exposure.include=* -javaagent:C:\Users\BanhMiBietBay\AppData\Local\Programs\IntelliJ IDEA Ultimate\lib\idea_rt.jar=60666:C:\Users\BanhMiBietBay\AppData\Local\Programs\IntelliJ IDEA Ultimate\bin -Dfile.encoding=UTF-8 -Dsun.stdout.encoding=UTF-8 -Dsun.stderr.encoding=UTF-8 JPA.JPA_002.Jpa002Application

Host: 11th Gen Intel(R) Core(TM) i7-11800H @ 2.30GHz, 16 cores, 31G,  Windows 11 , 64 bit Build 22621 (10.0.22621.3085)
Time: Fri Mar  1 01:43:26 2024 SE Asia Standard Time elapsed time: 0.740332 seconds (0d 0h 0m 0s)

---------------  T H R E A D  ---------------

Current thread (0x0000011feeb9dcb0):  JavaThread "main"             [_thread_in_vm, id=11952, stack(0x0000000da6b00000,0x0000000da6c00000) (1024K)]

Stack: [0x0000000da6b00000,0x0000000da6c00000]
Native frames: (J=compiled Java code, j=interpreted, Vv=VM code, C=native code)
V  [jvm.dll+0x6cade9]
V  [jvm.dll+0x8569c1]
V  [jvm.dll+0x858d2e]
V  [jvm.dll+0x859413]
V  [jvm.dll+0x280e56]
V  [jvm.dll+0x8526ee]
V  [jvm.dll+0x66e705]
V  [jvm.dll+0x1e68cc]
V  [jvm.dll+0x1e669e]
V  [jvm.dll+0x67104c]
V  [jvm.dll+0x670e62]
V  [jvm.dll+0x66f0de]
V  [jvm.dll+0x26c6d6]
V  [jvm.dll+0x218617]
V  [jvm.dll+0x20dd9e]
V  [jvm.dll+0x5ad3dc]
V  [jvm.dll+0x7cf74d]
V  [jvm.dll+0x4709da]
V  [jvm.dll+0x483de6]
C  [java.dll+0x1657]

Java frames: (J=compiled Java code, j=interpreted, Vv=VM code)
J 1668  java.lang.ClassLoader.defineClass0(Ljava/lang/ClassLoader;Ljava/lang/Class;Ljava/lang/String;[BIILjava/security/ProtectionDomain;ZILjava/lang/Object;)Ljava/lang/Class; java.base@21.0.2 (0 bytes) @ 0x0000011ff974f33c [0x0000011ff974f240+0x00000000000000fc]
J 1667 c1 java.lang.System$2.defineClass(Ljava/lang/ClassLoader;Ljava/lang/Class;Ljava/lang/String;[BLjava/security/ProtectionDomain;ZILjava/lang/Object;)Ljava/lang/Class; java.base@21.0.2 (21 bytes) @ 0x0000011ff97516bc [0x0000011ff9751640+0x000000000000007c]
J 1666 c1 java.lang.invoke.MethodHandles$Lookup$ClassDefiner.defineClass(ZLjava/lang/Object;)Ljava/lang/Class; java.base@21.0.2 (213 bytes) @ 0x0000011ff9751c34 [0x0000011ff9751a20+0x0000000000000214]
j  java.lang.invoke.InvokerBytecodeGenerator.loadMethod([B)Ljava/lang/invoke/MemberName;+22 java.base@21.0.2
j  java.lang.invoke.InvokerBytecodeGenerator.generateCustomizedCode(Ljava/lang/invoke/LambdaForm;Ljava/lang/invoke/MethodType;)Ljava/lang/invoke/MemberName;+30 java.base@21.0.2
j  java.lang.invoke.LambdaForm.compileToBytecode()V+69 java.base@21.0.2
j  java.lang.invoke.DirectMethodHandle.makePreparedLambdaForm(Ljava/lang/invoke/MethodType;I)Ljava/lang/invoke/LambdaForm;+750 java.base@21.0.2
J 950 c1 java.lang.invoke.DirectMethodHandle.preparedLambdaForm(Ljava/lang/invoke/MemberName;Z)Ljava/lang/invoke/LambdaForm; java.base@21.0.2 (244 bytes) @ 0x0000011ff962122c [0x0000011ff9621080+0x00000000000001ac]
J 1432 c1 java.lang.invoke.DirectMethodHandle.make(BLjava/lang/Class;Ljava/lang/invoke/MemberName;Ljava/lang/Class;)Ljava/lang/invoke/DirectMethodHandle; java.base@21.0.2 (275 bytes) @ 0x0000011ff96f380c [0x0000011ff96f31a0+0x000000000000066c]
J 1677 c1 java.lang.invoke.MethodHandles$Lookup.getDirectMethodCommon(BLjava/lang/Class;Ljava/lang/invoke/MemberName;ZZLjava/lang/invoke/MethodHandles$Lookup;)Ljava/lang/invoke/MethodHandle; java.base@21.0.2 (300 bytes) @ 0x0000011ff9755ecc [0x0000011ff9755a40+0x000000000000048c]
j  java.lang.invoke.MethodHandles$Lookup.getDirectMethodNoSecurityManager(BLjava/lang/Class;Ljava/lang/invoke/MemberName;Ljava/lang/invoke/MethodHandles$Lookup;)Ljava/lang/invoke/MethodHandle;+14 java.base@21.0.2
j  java.lang.invoke.MethodHandles$Lookup.getDirectMethodForConstant(BLjava/lang/Class;Ljava/lang/invoke/MemberName;)Ljava/lang/invoke/MethodHandle;+31 java.base@21.0.2
J 1477 c1 java.lang.invoke.MethodHandles$Lookup.linkMethodHandleConstant(BLjava/lang/Class;Ljava/lang/String;Ljava/lang/Object;)Ljava/lang/invoke/MethodHandle; java.base@21.0.2 (223 bytes) @ 0x0000011ff97050ec [0x0000011ff9704ac0+0x000000000000062c]
J 1476 c1 java.lang.invoke.MethodHandleNatives.linkMethodHandleConstant(Ljava/lang/Class;ILjava/lang/Class;Ljava/lang/String;Ljava/lang/Object;)Ljava/lang/invoke/MethodHandle; java.base@21.0.2 (50 bytes) @ 0x0000011ff9704554 [0x0000011ff97044e0+0x0000000000000074]
v  ~StubRoutines::call_stub 0x0000011ff91e10e7
j  java.lang.ProcessHandleImpl.lambda$static$1()Ljava/util/concurrent/Executor;+45 java.base@21.0.2
j  java.lang.ProcessHandleImpl$$Lambda+0x0000011f8b0bb208.run()Ljava/lang/Object;+0 java.base@21.0.2
J 1385 c1 java.security.AccessController.doPrivileged(Ljava/security/PrivilegedAction;)Ljava/lang/Object; java.base@21.0.2 (9 bytes) @ 0x0000011ff96e0b14 [0x0000011ff96e0ac0+0x0000000000000054]
j  java.lang.ProcessHandleImpl.<clinit>()V+37 java.base@21.0.2
v  ~StubRoutines::call_stub 0x0000011ff91e10e7
j  java.lang.ProcessHandle.current()Ljava/lang/ProcessHandle;+0 java.base@21.0.2
j  org.springframework.boot.system.ApplicationPid.getPid()Ljava/lang/String;+0
j  org.springframework.boot.system.ApplicationPid.<init>()V+6
j  org.springframework.boot.logging.LoggingSystemProperties.apply(Lorg/springframework/boot/logging/LogFile;Lorg/springframework/core/env/PropertyResolver;)V+21
j  org.springframework.boot.logging.logback.LogbackLoggingSystemProperties.apply(Lorg/springframework/boot/logging/LogFile;Lorg/springframework/core/env/PropertyResolver;)V+3
j  org.springframework.boot.logging.LoggingSystemProperties.apply(Lorg/springframework/boot/logging/LogFile;)V+8
j  org.springframework.boot.logging.LoggingSystemProperties.apply()V+2
j  org.springframework.boot.context.logging.LoggingApplicationListener.initialize(Lorg/springframework/core/env/ConfigurableEnvironment;Ljava/lang/ClassLoader;)V+5
j  org.springframework.boot.context.logging.LoggingApplicationListener.onApplicationEnvironmentPreparedEvent(Lorg/springframework/boot/context/event/ApplicationEnvironmentPreparedEvent;)V+32
j  org.springframework.boot.context.logging.LoggingApplicationListener.onApplicationEvent(Lorg/springframework/context/ApplicationEvent;)V+34
j  org.springframework.context.event.SimpleApplicationEventMulticaster.doInvokeListener(Lorg/springframework/context/ApplicationListener;Lorg/springframework/context/ApplicationEvent;)V+2
j  org.springframework.context.event.SimpleApplicationEventMulticaster.invokeListener(Lorg/springframework/context/ApplicationListener;Lorg/springframework/context/ApplicationEvent;)V+34
j  org.springframework.context.event.SimpleApplicationEventMulticaster.multicastEvent(Lorg/springframework/context/ApplicationEvent;Lorg/springframework/core/ResolvableType;)V+104
j  org.springframework.context.event.SimpleApplicationEventMulticaster.multicastEvent(Lorg/springframework/context/ApplicationEvent;)V+3
j  org.springframework.boot.context.event.EventPublishingRunListener.multicastInitialEvent(Lorg/springframework/context/ApplicationEvent;)V+9
j  org.springframework.boot.context.event.EventPublishingRunListener.environmentPrepared(Lorg/springframework/boot/ConfigurableBootstrapContext;Lorg/springframework/core/env/ConfigurableEnvironment;)V+18
j  org.springframework.boot.SpringApplicationRunListeners.lambda$environmentPrepared$2(Lorg/springframework/boot/ConfigurableBootstrapContext;Lorg/springframework/core/env/ConfigurableEnvironment;Lorg/springframework/boot/SpringApplicationRunListener;)V+3
j  org.springframework.boot.SpringApplicationRunListeners$$Lambda+0x0000011f8b128f48.accept(Ljava/lang/Object;)V+12
j  java.lang.Iterable.forEach(Ljava/util/function/Consumer;)V+30 java.base@21.0.2
j  org.springframework.boot.SpringApplicationRunListeners.doWithListeners(Ljava/lang/String;Ljava/util/function/Consumer;Ljava/util/function/Consumer;)V+17
j  org.springframework.boot.SpringApplicationRunListeners.doWithListeners(Ljava/lang/String;Ljava/util/function/Consumer;)V+4
j  org.springframework.boot.SpringApplicationRunListeners.environmentPrepared(Lorg/springframework/boot/ConfigurableBootstrapContext;Lorg/springframework/core/env/ConfigurableEnvironment;)V+10
j  org.springframework.boot.SpringApplication.prepareEnvironment(Lorg/springframework/boot/SpringApplicationRunListeners;Lorg/springframework/boot/DefaultBootstrapContext;Lorg/springframework/boot/ApplicationArguments;)Lorg/springframework/core/env/ConfigurableEnvironment;+27
j  org.springframework.boot.SpringApplication.run([Ljava/lang/String;)Lorg/springframework/context/ConfigurableApplicationContext;+62
j  org.springframework.boot.SpringApplication.run([Ljava/lang/Class;[Ljava/lang/String;)Lorg/springframework/context/ConfigurableApplicationContext;+9
j  org.springframework.boot.SpringApplication.run(Ljava/lang/Class;[Ljava/lang/String;)Lorg/springframework/context/ConfigurableApplicationContext;+9
j  JPA.JPA_002.Jpa002Application.main([Ljava/lang/String;)V+3
v  ~StubRoutines::call_stub 0x0000011ff91e10e7

Compiled method (n/a)     747 1668     n 0       java.lang.ClassLoader::defineClass0 (native)
 total in heap  [0x0000011ff974f090,0x0000011ff974f820] = 1936
 relocation     [0x0000011ff974f1f0,0x0000011ff974f230] = 64
 main code      [0x0000011ff974f240,0x0000011ff974f81a] = 1498
 stub code      [0x0000011ff974f81a,0x0000011ff974f820] = 6

[Constant Pool (empty)]

[MachCode]
[Entry Point]
  # {method} {0x0000011f8a43b2c8} 'defineClass0' '(Ljava/lang/ClassLoader;Ljava/lang/Class;Ljava/lang/String;[BIILjava/security/ProtectionDomain;ZILjava/lang/Object;)Ljava/lang/Class;' in 'java/lang/ClassLoader'
  # parm0:    rdx:rdx   = 'java/lang/ClassLoader'
  # parm1:    r8:r8     = 'java/lang/Class'
  # parm2:    r9:r9     = 'java/lang/String'
  # parm3:    rdi:rdi   = '[B'
  # parm4:    rsi       = int
  # parm5:    rcx       = int
  # parm6:    [sp+0xb0]   = 'java/security/ProtectionDomain'  (sp of caller)
  # parm7:    [sp+0xb8]   = boolean
  # parm8:    [sp+0xc0]   = int
  # parm9:    [sp+0xc8]   = 'java/lang/Object'
  0x0000011ff974f240: 448b 5208 | 49bb 0000 | 008a 1f01 | 0000 4d03 | d349 3bc2 | 0f84 0600 

  0x0000011ff974f258: ;   {runtime_call ic_miss_stub}
  0x0000011ff974f258: 0000 e921 | f7ad ff90 
[Verified Entry Point]
  0x0000011ff974f260: 8984 2400 | 80ff ff55 | 488b ec48 | 81ec a000 | 0000 6690 | 4181 7f20 | 0100 0000 

  0x0000011ff974f27c: ;   {runtime_call StubRoutines (final stubs)}
  0x0000011ff974f27c: 7405 e87d | 6fac ff48 | 837d 2800 | 488d 4528 | 480f 4445 | 2848 8944 | 2458 4863 | 4520 4889 
  0x0000011ff974f29c: 4424 5048 | 6345 1848 | 8944 2448 | 4883 7d10 | 0048 8d45 | 1048 0f44 | 4510 4889 | 4424 4048 
  0x0000011ff974f2bc: 894c 2438 | 4889 7424 | 3048 897c | 2478 4883 | ff00 488d | 4424 7848 | 0f44 4424 | 7848 8944 
  0x0000011ff974f2dc: 2428 4c89 | 4c24 7049 | 83f9 0048 | 8d44 2470 | 480f 4444 | 2470 4889 | 4424 204c | 8944 2468 
  0x0000011ff974f2fc: 4983 f800 | 4c8d 4c24 | 684c 0f44 | 4c24 6848 | 8954 2460 | 4883 fa00 | 4c8d 4424 | 604c 0f44 
  0x0000011ff974f31c: ;   {oop(a 'java/lang/Class'{0x0000000622002a38} = 'java/lang/ClassLoader')}
  0x0000011ff974f31c: 4424 6049 | be38 2a00 | 2206 0000 | 004c 89b4 | 2490 0000 | 004c 8db4 | 2490 0000 | 0049 8bd6 
  0x0000011ff974f33c: ;   {internal_word}
  0x0000011ff974f33c: c5f8 7749 | ba3c f374 | f91f 0100 | 004d 8997 | a003 0000 | 4989 a798 

  0x0000011ff974f354: ;   {external_word}
  0x0000011ff974f354: 0300 0049 | baf9 45a3 | 27fa 7f00 | 0041 803a | 000f 844e | 0000 0052 | 4150 4151 

  0x0000011ff974f370: ;   {metadata({method} {0x0000011f8a43b2c8} 'defineClass0' '(Ljava/lang/ClassLoader;Ljava/lang/Class;Ljava/lang/String;[BIILjava/security/ProtectionDomain;ZILjava/lang/Object;)Ljava/lang/Class;' in 'java/lang/ClassLoader')}
  0x0000011ff974f370: 48ba c0b2 | 438a 1f01 | 0000 498b | cf48 83ec | 2040 f6c4 | 0f0f 8419 | 0000 0048 

  0x0000011ff974f38c: ;   {runtime_call}
  0x0000011ff974f38c: 83ec 0848 | b840 0954 | 27fa 7f00 | 00ff d048 | 83c4 08e9 | 0c00 0000 

  0x0000011ff974f3a4: ;   {runtime_call}
  0x0000011ff974f3a4: 48b8 4009 | 5427 fa7f | 0000 ffd0 | 4883 c420 | 4159 4158 | 5a49 8d8f | b803 0000 | 41c7 874c 
  0x0000011ff974f3c4: 0400 0004 

  0x0000011ff974f3c8: ;   {runtime_call}
  0x0000011ff974f3c8: 0000 0048 | b81c 152f | b9fa 7f00 | 00ff d0c5 | f877 41c7 | 874c 0400 | 0005 0000 | 00f0 8344 
  0x0000011ff974f3e8: 24c0 0049 | 3baf 5004 | 0000 0f87 | 0e00 0000 | 4183 bf48 | 0400 0000 | 0f84 2b00 | 0000 c5f8 
  0x0000011ff974f408: 7748 8945 | f849 8bcf | 4c8b e448 | 83ec 2048 

  0x0000011ff974f418: ;   {runtime_call}
  0x0000011ff974f418: 83e4 f048 | b8d0 c31f | 27fa 7f00 | 00ff d049 | 8be4 4d33 | e448 8b45 | f841 c787 | 4c04 0000 
  0x0000011ff974f438: 0800 0000 | 4183 bfc8 | 0400 0002 | 0f84 a303 

  0x0000011ff974f448: ;   {external_word}
  0x0000011ff974f448: 0000 49ba | f945 a327 | fa7f 0000 | 4180 3a00 | 0f84 4c00 | 0000 4889 

  0x0000011ff974f460: ;   {metadata({method} {0x0000011f8a43b2c8} 'defineClass0' '(Ljava/lang/ClassLoader;Ljava/lang/Class;Ljava/lang/String;[BIILjava/security/ProtectionDomain;ZILjava/lang/Object;)Ljava/lang/Class;' in 'java/lang/ClassLoader')}
  0x0000011ff974f460: 45f8 48ba | c0b2 438a | 1f01 0000 | 498b cf48 | 83ec 2040 | f6c4 0f0f | 8419 0000 | 0048 83ec 
  0x0000011ff974f480: ;   {runtime_call}
  0x0000011ff974f480: 0848 b840 | 0954 27fa | 7f00 00ff | d048 83c4 | 08e9 0c00 

  0x0000011ff974f494: ;   {runtime_call}
  0x0000011ff974f494: 0000 48b8 | 4009 5427 | fa7f 0000 | ffd0 4883 | c420 488b | 45f8 49c7 | 8798 0300 | 0000 0000 
  0x0000011ff974f4b4: 0049 c787 | a003 0000 | 0000 0000 | c5f8 7748 | 85c0 0f84 | fe02 0000 | a803 0f85 | 0800 0000 
  0x0000011ff974f4d4: 488b 00e9 | ee02 0000 | a801 0f85 | 0900 0000 | 488b 40fe | e9dd 0200 | 0048 8b40 | ff41 807f 
  0x0000011ff974f4f4: 4000 0f84 | ce02 0000 | 4883 f800 | 0f84 c402 | 0000 498b | 4f28 4883 | f900 0f84 | 1400 0000 
  0x0000011ff974f514: 4883 e908 | 4989 4f28 | 4903 4f38 | 4889 01e9 | a202 0000 | 4881 ec50 | 0100 0048 | 8904 2448 
  0x0000011ff974f534: 894c 2408 | 4889 5424 | 1048 8974 | 2418 4889 | 7c24 204c | 8944 2428 | 4c89 4c24 | 304c 8954 
  0x0000011ff974f554: 2438 4c89 | 5c24 40c5 | fb11 4424 | 50c5 fb11 | 4c24 58c5 | fb11 5424 | 60c5 fb11 | 5c24 68c5 
  0x0000011ff974f574: fb11 6424 | 70c5 fb11 | 6c24 78c5 | fb11 b424 | 8000 0000 | c5fb 11bc | 2488 0000 | 00c5 7b11 
  0x0000011ff974f594: ;   {no_reloc}
  0x0000011ff974f594: 8424 9000 | 0000 c57b | 118c 2498 | 0000 00c5 | 7b11 9424 | a000 0000 | c57b 119c | 24a8 0000 
  0x0000011ff974f5b4: 00c5 7b11 | a424 b000 | 0000 c57b | 11ac 24b8 | 0000 00c5 | 7b11 b424 | c000 0000 | c57b 11bc 
  0x0000011ff974f5d4: 24c8 0000 | 0062 e1ff | 0811 4424 | 1a62 e1ff | 0811 4c24 | 1b62 e1ff | 0811 5424 | 1c62 e1ff 
  0x0000011ff974f5f4: 0811 5c24 | 1d62 e1ff | 0811 6424 | 1e62 e1ff | 0811 6c24 | 1f62 e1ff | 0811 7424 | 2062 e1ff 
  0x0000011ff974f614: 0811 7c24 | 2162 61ff | 0811 4424 | 2262 61ff | 0811 4c24 | 2362 61ff | 0811 5424 | 2462 61ff 
  0x0000011ff974f634: 0811 5c24 | 2562 61ff | 0811 6424 | 2662 61ff | 0811 6c24 | 2762 61ff | 0811 7424 | 2862 61ff 
  0x0000011ff974f654: 0811 7c24 | 2949 8bd7 | 488b c848 | 83ec 2040 | f6c4 0f0f | 8419 0000 | 0048 83ec 

  0x0000011ff974f670: ;   {runtime_call}
  0x0000011ff974f670: 0848 b890 | 2613 27fa | 7f00 00ff | d048 83c4 | 08e9 0c00 

  0x0000011ff974f684: ;   {runtime_call}
  0x0000011ff974f684: 0000 48b8 | 9026 1327 | fa7f 0000 | ffd0 4883 | c420 6261 | ff08 107c | 2429 6261 | ff08 1074 
  0x0000011ff974f6a4: 2428 6261 | ff08 106c | 2427 6261 | ff08 1064 | 2426 6261 | ff08 105c | 2425 6261 | ff08 1054 
  0x0000011ff974f6c4: 2424 6261 | ff08 104c | 2423 6261 | ff08 1044 | 2422 62e1 | ff08 107c | 2421 62e1 | ff08 1074 
  0x0000011ff974f6e4: 2420 62e1 | ff08 106c | 241f 62e1 | ff08 1064 | 241e 62e1 | ff08 105c | 241d 62e1 | ff08 1054 
  0x0000011ff974f704: 241c 62e1 | ff08 104c | 241b 62e1 | ff08 1044 | 241a c57b | 10bc 24c8 | 0000 00c5 | 7b10 b424 
  0x0000011ff974f724: c000 0000 | c57b 10ac | 24b8 0000 | 00c5 7b10 | a424 b000 | 0000 c57b | 109c 24a8 | 0000 00c5 
  0x0000011ff974f744: 7b10 9424 | a000 0000 | c57b 108c | 2498 0000 | 00c5 7b10 | 8424 9000 | 0000 c5fb | 10bc 2488 
  0x0000011ff974f764: 0000 00c5 | fb10 b424 | 8000 0000 | c5fb 106c | 2478 c5fb | 1064 2470 | c5fb 105c | 2468 c5fb 
  0x0000011ff974f784: ;   {no_reloc}
  0x0000011ff974f784: 1054 2460 | c5fb 104c | 2458 c5fb | 1044 2450 | 4c8b 5c24 | 404c 8b54 | 2438 4c8b | 4c24 304c 
  0x0000011ff974f7a4: 8b44 2428 | 488b 7c24 | 2048 8b74 | 2418 488b | 5424 1048 | 8b4c 2408 | 488b 0424 | 4881 c450 
  0x0000011ff974f7c4: 0100 00c5 | f877 498b | 8f28 0400 | 00c7 8100 | 0100 0000 | 0000 00c9 | 4983 7f08 | 000f 8501 
  0x0000011ff974f7e4: 0000 00c3 

  0x0000011ff974f7e8: ;   {runtime_call StubRoutines (initial stubs)}
  0x0000011ff974f7e8: e913 17a9 | ffc5 f877 | 4889 45f8 | 4c8b e448 | 83ec 2048 

  0x0000011ff974f7fc: ;   {runtime_call}
  0x0000011ff974f7fc: 83e4 f048 | b870 4154 | 27fa 7f00 | 00ff d049 | 8be4 4d33 | e448 8b45 | f8e9 30fc | ffff f4f4 
  0x0000011ff974f81c: f4f4 f4f4 
[/MachCode]


Compiled method (c1)     753 1667       1       java.lang.System$2::defineClass (21 bytes)
 total in heap  [0x0000011ff9751490,0x0000011ff97517e0] = 848
 relocation     [0x0000011ff97515f0,0x0000011ff9751628] = 56
 main code      [0x0000011ff9751640,0x0000011ff9751720] = 224
 stub code      [0x0000011ff9751720,0x0000011ff9751760] = 64
 metadata       [0x0000011ff9751760,0x0000011ff9751768] = 8
 scopes data    [0x0000011ff9751768,0x0000011ff9751788] = 32
 scopes pcs     [0x0000011ff9751788,0x0000011ff97517c8] = 64
 dependencies   [0x0000011ff97517c8,0x0000011ff97517d0] = 8
 nul chk table  [0x0000011ff97517d0,0x0000011ff97517e0] = 16

[Constant Pool (empty)]

[MachCode]
[Entry Point]
  # {method} {0x0000011f8a019490} 'defineClass' '(Ljava/lang/ClassLoader;Ljava/lang/Class;Ljava/lang/String;[BLjava/security/ProtectionDomain;ZILjava/lang/Object;)Ljava/lang/Class;' in 'java/lang/System$2'
  # this:     rdx:rdx   = 'java/lang/System$2'
  # parm0:    r8:r8     = 'java/lang/ClassLoader'
  # parm1:    r9:r9     = 'java/lang/Class'
  # parm2:    rdi:rdi   = 'java/lang/String'
  # parm3:    rsi:rsi   = '[B'
  # parm4:    rcx:rcx   = 'java/security/ProtectionDomain'
  # parm5:    [sp+0x70]   = boolean  (sp of caller)
  # parm6:    [sp+0x78]   = int
  # parm7:    [sp+0x80]   = 'java/lang/Object'
  0x0000011ff9751640: 448b 5208 | 49bb 0000 | 008a 1f01 | 0000 4d03 | d34c 3bd0 

  0x0000011ff9751654: ;   {runtime_call ic_miss_stub}
  0x0000011ff9751654: 0f85 26d3 | adff 660f | 1f44 0000 
[Verified Entry Point]
  0x0000011ff9751660: 8984 2400 | 80ff ff55 | 4883 ec60 | 4181 7f20 | 0100 0000 

  0x0000011ff9751674: ;   {runtime_call StubRoutines (final stubs)}
  0x0000011ff9751674: 7405 e885 | 4bac ff48 | 8bd9 4c8b | ac24 8000 | 0000 448b | 5c24 788b | 4424 708b | 4e0c 498b 
  0x0000011ff9751694: d04d 8bc1 | 4c8b cf48 | 8bfe be00 | 0000 0048 | 891c 2489 | 4424 0844 | 895c 2410 | 4c89 6c24 
  0x0000011ff97516b4: ;   {static_call}
  0x0000011ff97516b4: 1866 90e8 

  0x0000011ff97516b8: ; ImmutableOopMap {}
                      ;*invokestatic defineClass0 {reexecute=0 rethrow=0 return_oop=0}
                      ; - java.lang.System$2::defineClass@17 (line 2394)
  0x0000011ff97516b8: a4db ffff 

  0x0000011ff97516bc: ;   {other}
  0x0000011ff97516bc: 0f1f 8400 | 2c02 0000 | 4883 c460 

  0x0000011ff97516c8: ;   {poll_return}
  0x0000011ff97516c8: 5d49 3ba7 | 5004 0000 | 0f87 0600 

  0x0000011ff97516d4: ;   {runtime_call throw_null_pointer_exception Runtime1 stub}
  0x0000011ff97516d4: 0000 c3e8 

  0x0000011ff97516d8: ; ImmutableOopMap {r8=Oop r9=Oop rdi=Oop rsi=Oop rbx=Oop r13=Oop [128]=Oop }
                      ;*arraylength {reexecute=0 rethrow=0 return_oop=0}
                      ; - java.lang.System$2::defineClass@8 (line 2394)
  0x0000011ff97516d8: c42c baff 

  0x0000011ff97516dc: ;   {internal_word}
  0x0000011ff97516dc: 49ba c916 | 75f9 1f01 | 0000 4d89 | 9768 0400 

  0x0000011ff97516ec: ;   {runtime_call SafepointBlob}
  0x0000011ff97516ec: 00e9 8e54 | aeff 498b | 8700 0500 | 0049 c787 | 0005 0000 | 0000 0000 | 49c7 8708 | 0500 0000 
  0x0000011ff975170c: 0000 0048 | 83c4 605d 

  0x0000011ff9751714: ;   {runtime_call unwind_exception Runtime1 stub}
  0x0000011ff9751714: e967 1dba | fff4 f4f4 | f4f4 f4f4 
[Stub Code]
  0x0000011ff9751720: ;   {no_reloc}
  0x0000011ff9751720: 48bb 0000 | 0000 0000 

  0x0000011ff9751728: ;   {runtime_call}
  0x0000011ff9751728: 0000 e9fb 

  0x0000011ff975172c: ;   {runtime_call handle_exception_from_callee Runtime1 stub}
  0x0000011ff975172c: ffff ffe8 | 4c58 baff 

  0x0000011ff9751734: ;   {external_word}
  0x0000011ff9751734: 48b9 e047 | 7b27 fa7f | 0000 4883 

  0x0000011ff9751740: ;   {runtime_call}
  0x0000011ff9751740: e4f0 48b8 | 4024 4327 | fa7f 0000 

  0x0000011ff975174c: ;   {section_word}
  0x0000011ff975174c: ffd0 f449 | ba4f 1775 | f91f 0100 

  0x0000011ff9751758: ;   {runtime_call DeoptimizationBlob}
  0x0000011ff9751758: 0041 52e9 | c068 aeff 
[/MachCode]


Compiled method (c1)     755 1666   !   1       java.lang.invoke.MethodHandles$Lookup$ClassDefiner::defineClass (213 bytes)
 total in heap  [0x0000011ff9751810,0x0000011ff9752190] = 2432
 relocation     [0x0000011ff9751970,0x0000011ff9751a08] = 152
 main code      [0x0000011ff9751a20,0x0000011ff9751e38] = 1048
 stub code      [0x0000011ff9751e38,0x0000011ff9751eb0] = 120
 metadata       [0x0000011ff9751eb0,0x0000011ff9751ef8] = 72
 scopes data    [0x0000011ff9751ef8,0x0000011ff9751ff8] = 256
 scopes pcs     [0x0000011ff9751ff8,0x0000011ff97520f8] = 256
 dependencies   [0x0000011ff97520f8,0x0000011ff9752108] = 16
 handler table  [0x0000011ff9752108,0x0000011ff9752150] = 72
 nul chk table  [0x0000011ff9752150,0x0000011ff9752190] = 64

[Constant Pool (empty)]

[MachCode]
[Entry Point]
  # {method} {0x0000011f8a1eeaf8} 'defineClass' '(ZLjava/lang/Object;)Ljava/lang/Class;' in 'java/lang/invoke/MethodHandles$Lookup$ClassDefiner'
  # this:     rdx:rdx   = 'java/lang/invoke/MethodHandles$Lookup$ClassDefiner'
  # parm0:    r8        = boolean
  # parm1:    r9:r9     = 'java/lang/Object'
  #           [sp+0xf0]  (sp of caller)
  0x0000011ff9751a20: 448b 5208 | 49bb 0000 | 008a 1f01 | 0000 4d03 | d34c 3bd0 

  0x0000011ff9751a34: ;   {runtime_call ic_miss_stub}
  0x0000011ff9751a34: 0f85 46cf | adff 660f | 1f44 0000 
[Verified Entry Point]
  0x0000011ff9751a40: 8984 2400 | 80ff ff55 | 4881 ece0 | 0000 0090 | 4181 7f20 | 0100 0000 

  0x0000011ff9751a58: ;   {runtime_call StubRoutines (final stubs)}
  0x0000011ff9751a58: 7405 e8a1 | 47ac ff48 | 8994 2498 | 0000 0044 | 8984 24b0 | 0000 004c | 898c 24b8 | 0000 008b 
  0x0000011ff9751a78: 7210 48c1 | e603 4889 | b424 9000 | 0000 8b7e | 1048 c1e7 | 0348 89bc | 24a8 0000 | 008b 5f34 
  0x0000011ff9751a98: 48c1 e303 | 4885 db0f | 850a 0000 

  0x0000011ff9751aa4: ;   {oop(nullptr)}
  0x0000011ff9751aa4: 0048 bb00 | 0000 0000 | 0000 0048 | 85db 0f84 | bc00 0000 | 8b46 1848 | c1e0 0348 | 85c0 4889 
  0x0000011ff9751ac4: 9c24 a000 | 0000 0f85 | b600 0000 

  0x0000011ff9751ad0: ;   {oop(a 'java/lang/Class'{0x000000062204f548} = 'jdk/internal/access/SharedSecrets')}
  0x0000011ff9751ad0: 48b8 48f5 | 0422 0600 | 0000 8b40 | 7c48 c1e0 | 038b 4e10 | 48c1 e103 | 4885 c00f | 842a 0000 
  0x0000011ff9751af0: ;   {metadata('java/lang/System$2')}
  0x0000011ff9751af0: 0048 be88 | 8101 8a1f | 0100 0044 | 8b70 0849 | ba00 0000 | 8a1f 0100 | 004d 03f2 | 493b 7638 
  0x0000011ff9751b10: 0f85 6d02 | 0000 e900 | 0000 004c | 8bd8 483b | 0048 3b01 

  0x0000011ff9751b24: ;   {optimized virtual_call}
  0x0000011ff9751b24: 488b d1e8 

  0x0000011ff9751b28: ; ImmutableOopMap {[144]=Oop [152]=Oop [160]=Oop [168]=Oop [184]=Oop }
                      ;*invokevirtual protectionDomain {reexecute=0 rethrow=0 return_oop=0}
                      ; - java.lang.System$2::protectionDomain@1 (line 2518)
                      ; - java.lang.invoke.MethodHandles$Lookup::lookupClassProtectionDomain@17 (line 2544)
                      ; - java.lang.invoke.MethodHandles$Lookup$ClassDefiner::defineClass@23 (line 2501)
  0x0000011ff9751b28: 2003 0000 

  0x0000011ff9751b2c: ;   {other}
  0x0000011ff9751b2c: 0f1f 8400 | 1c03 0000 | 450f be47 | 4045 85c0 | 488b b424 | 9000 0000 | 0f85 4802 | 0000 4c8b 
  0x0000011ff9751b4c: d049 c1ea | 0344 8956 | 18f0 8344 | 24c0 004c | 8bc6 4c33 | c049 c1e8 | 1649 83f8 | 000f 8543 
  0x0000011ff9751b6c: 0200 00e9 | 1200 0000 | 4889 9c24 | a000 0000 

  0x0000011ff9751b7c: ;   {oop(nullptr)}
  0x0000011ff9751b7c: 48b8 0000 | 0000 0000 | 0000 488b | 9c24 a000 | 0000 488b | bc24 a800 | 0000 488b | 9424 9800 
  0x0000011ff9751b9c: ;   {oop(a 'java/lang/Class'{0x000000062204f548} = 'jdk/internal/access/SharedSecrets')}
  0x0000011ff9751b9c: 0000 49b8 | 48f5 0422 | 0600 0000 | 458b 707c | 49c1 e603 | 8b72 1448 | c1e6 038b | 4a18 48c1 
  0x0000011ff9751bbc: e103 448b | 4a0c 4d85 | f60f 842a 

  0x0000011ff9751bc8: ;   {metadata('java/lang/System$2')}
  0x0000011ff9751bc8: 0000 0049 | bb88 8101 | 8a1f 0100 | 0045 8b6e | 0849 ba00 | 0000 8a1f | 0100 004d | 03ea 4d3b 
  0x0000011ff9751be8: 5d38 0f85 | da01 0000 | e900 0000 | 004d 8bc6 

  0x0000011ff9751bf8: ; implicit exception: dispatches to 0x0000011ff9751dcf
  0x0000011ff9751bf8: 493b 064c | 8bc3 498b | d14c 8bcf | 488b fe48 | 8bf1 488b | c88b 8424 | b000 0000 | 8904 2489 
  0x0000011ff9751c18: 5424 0848 | 8b94 24b8 | 0000 0048 | 8954 2410 | 498b d60f 

  0x0000011ff9751c2c: ;   {optimized virtual_call}
  0x0000011ff9751c2c: 1f40 00e8 

  0x0000011ff9751c30: ; ImmutableOopMap {[152]=Oop [168]=Oop }
                      ;*invokeinterface defineClass {reexecute=0 rethrow=0 return_oop=0}
                      ; - java.lang.invoke.MethodHandles$Lookup$ClassDefiner::defineClass@57 (line 2505)
  0x0000011ff9751c30: 2cfa ffff 

  0x0000011ff9751c34: ;   {other}
  0x0000011ff9751c34: 0f1f 8400 | 2404 0001 | 488b 9424 | 9800 0000 | 8b72 1c48 | c1e6 0344 | 0fbe 460c | 4183 e001 
  0x0000011ff9751c54: 4585 c00f | 84cf 0000 | 008b 7a14 | 48c1 e703 | 4885 c00f | 848d 0000 | 00e9 4100 | 0000 488b 
  0x0000011ff9751c74: 9424 9800 | 0000 498b | 8700 0500 | 004d 33d2 | 4d89 9700 | 0500 004d | 33d2 4d89 | 9708 0500 
  0x0000011ff9751c94: 008b 721c | 48c1 e603 

  0x0000011ff9751c9c: ; implicit exception: dispatches to 0x0000011ff9751dd9
  0x0000011ff9751c9c: 440f be46 | 0c41 83e0 | 0145 85c0 | 0f84 c600 | 0000 e98f | 0000 008b | 5218 48c1 | e203 4c8b 
  0x0000011ff9751cbc: c74c 8bc8 | 488b fa48 | 8bd6 4889 | 8424 c000 

  0x0000011ff9751ccc: ;   {optimized virtual_call}
  0x0000011ff9751ccc: 0000 90e8 

  0x0000011ff9751cd0: ; ImmutableOopMap {[192]=Oop }
                      ;*invokevirtual dumpClass {reexecute=0 rethrow=0 return_oop=0}
                      ; - java.lang.invoke.MethodHandles$Lookup$ClassDefiner::defineClass@134 (line 2513)
  0x0000011ff9751cd0: acd1 adff 

  0x0000011ff9751cd4: ;   {other}
  0x0000011ff9751cd4: 0f1f 8400 | c404 0002 | 488b 8424 | c000 0000 | 4881 c4e0 | 0000 005d 

  0x0000011ff9751cec: ;   {poll_return}
  0x0000011ff9751cec: 493b a750 | 0400 000f | 87e5 0000 | 00c3 4889 | 8424 c000 | 0000 448b | 4a18 49c1 | e103 4c8b 
  0x0000011ff9751d0c: c748 8bd6 | 0f1f 8000 

  0x0000011ff9751d14: ;   {optimized virtual_call}
  0x0000011ff9751d14: 0000 00e8 

  0x0000011ff9751d18: ; ImmutableOopMap {[192]=Oop }
                      ;*invokevirtual dumpFailedClass {reexecute=0 rethrow=0 return_oop=0}
                      ; - java.lang.invoke.MethodHandles$Lookup$ClassDefiner::defineClass@150 (line 2515)
  0x0000011ff9751d18: 64d1 adff 

  0x0000011ff9751d1c: ;   {other}
  0x0000011ff9751d1c: 0f1f 8400 | 0c05 0003 | 488b 8424 | c000 0000 | 4881 c4e0 | 0000 005d 

  0x0000011ff9751d34: ;   {poll_return}
  0x0000011ff9751d34: 493b a750 | 0400 000f | 87b3 0000 | 00c3 4889 | 8424 c800 | 0000 448b | 4214 49c1 | e003 448b 
  0x0000011ff9751d54: 4a18 49c1 | e103 488b 

  0x0000011ff9751d5c: ;   {optimized virtual_call}
  0x0000011ff9751d5c: d666 90e8 

  0x0000011ff9751d60: ; ImmutableOopMap {[200]=Oop }
                      ;*invokevirtual dumpFailedClass {reexecute=0 rethrow=0 return_oop=0}
                      ; - java.lang.invoke.MethodHandles$Lookup$ClassDefiner::defineClass@207 (line 2515)
  0x0000011ff9751d60: 1cd1 adff 

  0x0000011ff9751d64: ;   {other}
  0x0000011ff9751d64: 0f1f 8400 | 5405 0004 | 488b 8424 | c800 0000 | e9ae 0000 

  0x0000011ff9751d78: ;   {runtime_call throw_null_pointer_exception Runtime1 stub}
  0x0000011ff9751d78: 00e8 2226 

  0x0000011ff9751d7c: ; ImmutableOopMap {rdx=Oop r9=Oop rsi=Oop [144]=Oop [152]=Oop [184]=Oop }
                      ;*invokevirtual lookupClass {reexecute=0 rethrow=0 return_oop=0}
                      ; - java.lang.invoke.MethodHandles$Lookup$ClassDefiner::defineClass@4 (line 2499)
                      ;   {runtime_call throw_null_pointer_exception Runtime1 stub}
  0x0000011ff9751d7c: baff e81d 

  0x0000011ff9751d80: ; ImmutableOopMap {rdx=Oop r9=Oop rsi=Oop rdi=Oop [144]=Oop [152]=Oop [168]=Oop [184]=Oop }
                      ;*invokevirtual getClassLoader {reexecute=0 rethrow=0 return_oop=0}
                      ; - java.lang.invoke.MethodHandles$Lookup$ClassDefiner::defineClass@9 (line 2500)
                      ;   {runtime_call throw_incompatible_class_change_error Runtime1 stub}
  0x0000011ff9751d80: 26ba ffe8 

  0x0000011ff9751d84: ; ImmutableOopMap {rax=Oop rcx=Oop [144]=Oop [152]=Oop [160]=Oop [168]=Oop [184]=Oop }
                      ;*invokeinterface protectionDomain {reexecute=0 rethrow=0 return_oop=0}
                      ; - java.lang.invoke.MethodHandles$Lookup::lookupClassProtectionDomain@17 (line 2544)
                      ; - java.lang.invoke.MethodHandles$Lookup$ClassDefiner::defineClass@23 (line 2501)
  0x0000011ff9751d84: 1868 baff 

  0x0000011ff9751d88: ;   {runtime_call throw_null_pointer_exception Runtime1 stub}
  0x0000011ff9751d88: e813 26ba 

  0x0000011ff9751d8c: ; ImmutableOopMap {rcx=Oop [144]=Oop [152]=Oop [160]=Oop [168]=Oop [184]=Oop }
                      ;*invokeinterface protectionDomain {reexecute=0 rethrow=0 return_oop=0}
                      ; - java.lang.invoke.MethodHandles$Lookup::lookupClassProtectionDomain@17 (line 2544)
                      ; - java.lang.invoke.MethodHandles$Lookup$ClassDefiner::defineClass@23 (line 2501)
                      ;   {runtime_call throw_null_pointer_exception Runtime1 stub}
  0x0000011ff9751d8c: ffe8 0e26 

  0x0000011ff9751d90: ; ImmutableOopMap {rcx=Oop [144]=Oop [152]=Oop [160]=Oop [168]=Oop [184]=Oop }
                      ;*invokevirtual protectionDomain {reexecute=0 rethrow=0 return_oop=0}
                      ; - java.lang.System$2::protectionDomain@1 (line 2518)
                      ; - java.lang.invoke.MethodHandles$Lookup::lookupClassProtectionDomain@17 (line 2544)
                      ; - java.lang.invoke.MethodHandles$Lookup$ClassDefiner::defineClass@23 (line 2501)
  0x0000011ff9751d90: baff 448b | 4618 49c1 | e003 4983 | f800 0f84 | a6fd ffff | 4c89 0424 

  0x0000011ff9751da8: ;   {runtime_call g1_pre_barrier_slow}
  0x0000011ff9751da8: e853 a2ba | ffe9 98fd | ffff 4883 | f800 0f84 | b3fd ffff | 4889 3424 

  0x0000011ff9751dc0: ;   {runtime_call g1_post_barrier_slow}
  0x0000011ff9751dc0: e8bb a5ba | ffe9 a5fd 

  0x0000011ff9751dc8: ;   {runtime_call throw_incompatible_class_change_error Runtime1 stub}
  0x0000011ff9751dc8: ffff e8d1 

  0x0000011ff9751dcc: ; ImmutableOopMap {rax=Oop rdi=Oop rbx=Oop r14=Oop rsi=Oop rcx=Oop [152]=Oop [168]=Oop [184]=Oop }
                      ;*invokeinterface defineClass {reexecute=0 rethrow=0 return_oop=0}
                      ; - java.lang.invoke.MethodHandles$Lookup$ClassDefiner::defineClass@57 (line 2505)
                      ;   {runtime_call throw_null_pointer_exception Runtime1 stub}
  0x0000011ff9751dcc: 67ba ffe8 

  0x0000011ff9751dd0: ; ImmutableOopMap {rax=Oop rdi=Oop rbx=Oop r14=Oop rsi=Oop rcx=Oop [152]=Oop [168]=Oop [184]=Oop }
                      ;*invokeinterface defineClass {reexecute=0 rethrow=0 return_oop=0}
                      ; - java.lang.invoke.MethodHandles$Lookup$ClassDefiner::defineClass@57 (line 2505)
  0x0000011ff9751dd0: cc25 baff 

  0x0000011ff9751dd4: ;   {runtime_call throw_null_pointer_exception Runtime1 stub}
  0x0000011ff9751dd4: e8c7 25ba 

  0x0000011ff9751dd8: ; ImmutableOopMap {rax=Oop rdx=Oop rsi=Oop [152]=Oop }
                      ;*invokevirtual isEnabled {reexecute=0 rethrow=0 return_oop=0}
                      ; - java.lang.invoke.MethodHandles$Lookup$ClassDefiner::defineClass@105 (line 2510)
                      ;   {runtime_call throw_null_pointer_exception Runtime1 stub}
  0x0000011ff9751dd8: ffe8 c225 

  0x0000011ff9751ddc: ; ImmutableOopMap {rdx=Oop rax=Oop rsi=Oop [152]=Oop }
                      ;*invokevirtual isEnabled {reexecute=0 rethrow=0 return_oop=0}
                      ; - java.lang.invoke.MethodHandles$Lookup$ClassDefiner::defineClass@162 (line 2510)
                      ;   {internal_word}
  0x0000011ff9751ddc: baff 49ba | ec1c 75f9 | 1f01 0000 | 4d89 9768 

  0x0000011ff9751dec: ;   {runtime_call SafepointBlob}
  0x0000011ff9751dec: 0400 00e9 | 8c4d aeff 

  0x0000011ff9751df4: ;   {internal_word}
  0x0000011ff9751df4: 49ba 341d | 75f9 1f01 | 0000 4d89 | 9768 0400 

  0x0000011ff9751e04: ;   {runtime_call SafepointBlob}
  0x0000011ff9751e04: 00e9 764d | aeff 498b | 8700 0500 | 0049 c787 | 0005 0000 | 0000 0000 | 49c7 8708 | 0500 0000 
  0x0000011ff9751e24: 0000 0048 | 81c4 e000 

  0x0000011ff9751e2c: ;   {runtime_call unwind_exception Runtime1 stub}
  0x0000011ff9751e2c: 0000 5de9 | 4c16 baff | f4f4 f4f4 
[Stub Code]
  0x0000011ff9751e38: ;   {no_reloc}
  0x0000011ff9751e38: 0f1f 4400 

  0x0000011ff9751e3c: ;   {static_stub}
  0x0000011ff9751e3c: 0048 bb00 | 0000 0000 

  0x0000011ff9751e44: ;   {runtime_call}
  0x0000011ff9751e44: 0000 00e9 | fbff ffff 

  0x0000011ff9751e4c: ;   {static_stub}
  0x0000011ff9751e4c: 48bb d8e4 | 468a 1f01 

  0x0000011ff9751e54: ;   {runtime_call I2C/C2I adapters}
  0x0000011ff9751e54: 0000 e928 

  0x0000011ff9751e58: ;   {static_stub}
  0x0000011ff9751e58: 20ae ff48 | bb00 0000 | 0000 0000 

  0x0000011ff9751e64: ;   {runtime_call}
  0x0000011ff9751e64: 00e9 fbff 

  0x0000011ff9751e68: ;   {static_stub}
  0x0000011ff9751e68: ffff 48bb | 0000 0000 | 0000 0000 

  0x0000011ff9751e74: ;   {runtime_call}
  0x0000011ff9751e74: e9fb ffff 

  0x0000011ff9751e78: ;   {runtime_call handle_exception_from_callee Runtime1 stub}
  0x0000011ff9751e78: ffe8 0251 

  0x0000011ff9751e7c: ;   {external_word}
  0x0000011ff9751e7c: baff 48b9 | e047 7b27 | fa7f 0000 | 4883 e4f0 

  0x0000011ff9751e8c: ;   {runtime_call}
  0x0000011ff9751e8c: 48b8 4024 | 4327 fa7f | 0000 ffd0 

  0x0000011ff9751e98: ;   {section_word}
  0x0000011ff9751e98: f449 ba99 | 1e75 f91f | 0100 0041 

  0x0000011ff9751ea4: ;   {runtime_call DeoptimizationBlob}
  0x0000011ff9751ea4: 52e9 7661 | aeff f4f4 | f4f4 f4f4 
[/MachCode]


---------------  P R O C E S S  ---------------

Threads class SMR info:
_java_thread_list=0x0000011fcf81c2e0, length=15, elements={
0x0000011feeb9dcb0, 0x0000011fcf0519e0, 0x0000011fcf052900, 0x0000011fcf055820,
0x0000011fcf056630, 0x0000011fcf058190, 0x0000011fcf059cf0, 0x0000011fcf05a840,
0x0000011fcf155480, 0x0000011ffeab01a0, 0x0000011ffeab0850, 0x0000011fcf59af50,
0x0000011fcf59b5c0, 0x0000011fcf6715a0, 0x0000011fcf820e90
}

Java Threads: ( => current thread )
=>0x0000011feeb9dcb0 JavaThread "main"                              [_thread_in_vm, id=11952, stack(0x0000000da6b00000,0x0000000da6c00000) (1024K)]
  0x0000011fcf0519e0 JavaThread "Reference Handler"          daemon [_thread_blocked, id=11888, stack(0x0000000da7300000,0x0000000da7400000) (1024K)]
  0x0000011fcf052900 JavaThread "Finalizer"                  daemon [_thread_blocked, id=25188, stack(0x0000000da7400000,0x0000000da7500000) (1024K)]
  0x0000011fcf055820 JavaThread "Signal Dispatcher"          daemon [_thread_blocked, id=29652, stack(0x0000000da7500000,0x0000000da7600000) (1024K)]
  0x0000011fcf056630 JavaThread "Attach Listener"            daemon [_thread_blocked, id=11112, stack(0x0000000da7600000,0x0000000da7700000) (1024K)]
  0x0000011fcf058190 JavaThread "Service Thread"             daemon [_thread_blocked, id=19944, stack(0x0000000da7700000,0x0000000da7800000) (1024K)]
  0x0000011fcf059cf0 JavaThread "Monitor Deflation Thread"   daemon [_thread_blocked, id=13664, stack(0x0000000da7800000,0x0000000da7900000) (1024K)]
  0x0000011fcf05a840 JavaThread "C1 CompilerThread0"         daemon [_thread_blocked, id=24604, stack(0x0000000da7900000,0x0000000da7a00000) (1024K)]
  0x0000011fcf155480 JavaThread "Common-Cleaner"             daemon [_thread_blocked, id=29200, stack(0x0000000da7a00000,0x0000000da7b00000) (1024K)]
  0x0000011ffeab01a0 JavaThread "C1 CompilerThread1"         daemon [_thread_blocked, id=30304, stack(0x0000000da7b00000,0x0000000da7c00000) (1024K)]
  0x0000011ffeab0850 JavaThread "C1 CompilerThread2"         daemon [_thread_blocked, id=6296, stack(0x0000000da7c00000,0x0000000da7d00000) (1024K)]
  0x0000011fcf59af50 JavaThread "Monitor Ctrl-Break"         daemon [_thread_in_native, id=19708, stack(0x0000000da7d00000,0x0000000da7e00000) (1024K)]
  0x0000011fcf59b5c0 JavaThread "Notification Thread"        daemon [_thread_blocked, id=16644, stack(0x0000000da7e00000,0x0000000da7f00000) (1024K)]
  0x0000011fcf6715a0 JavaThread "C1 CompilerThread3"         daemon [_thread_blocked, id=13552, stack(0x0000000da7f00000,0x0000000da8000000) (1024K)]
  0x0000011fcf820e90 JavaThread "RMI TCP Accept-0"           daemon [_thread_in_native, id=24080, stack(0x0000000da8000000,0x0000000da8100000) (1024K)]
Total: 15

Other Threads:
  0x0000011feeb741b0 VMThread "VM Thread"                           [id=20324, stack(0x0000000da7200000,0x0000000da7300000) (1024K)]
  0x0000011ffeaad480 WatcherThread "VM Periodic Task Thread"        [id=28696, stack(0x0000000da7100000,0x0000000da7200000) (1024K)]
  0x0000011feeb73a70 WorkerThread "GC Thread#0"                     [id=28688, stack(0x0000000da6c00000,0x0000000da6d00000) (1024K)]
  0x0000011feeb73e10 WorkerThread "GC Thread#1"                     [id=20908, stack(0x0000000da8100000,0x0000000da8200000) (1024K)]
  0x0000011feeb736d0 WorkerThread "GC Thread#2"                     [id=832, stack(0x0000000da8200000,0x0000000da8300000) (1024K)]
  0x0000011feeb74550 WorkerThread "GC Thread#3"                     [id=16612, stack(0x0000000da8300000,0x0000000da8400000) (1024K)]
  0x0000011fcfaf70d0 WorkerThread "GC Thread#4"                     [id=25868, stack(0x0000000da8400000,0x0000000da8500000) (1024K)]
  0x0000011fcfaf5eb0 WorkerThread "GC Thread#5"                     [id=29712, stack(0x0000000da8500000,0x0000000da8600000) (1024K)]
  0x0000011fcfaf53d0 WorkerThread "GC Thread#6"                     [id=9208, stack(0x0000000da8600000,0x0000000da8700000) (1024K)]
  0x0000011fcfaf6d30 WorkerThread "GC Thread#7"                     [id=29164, stack(0x0000000da8700000,0x0000000da8800000) (1024K)]
  0x0000011fcfaf6250 WorkerThread "GC Thread#8"                     [id=23744, stack(0x0000000da8800000,0x0000000da8900000) (1024K)]
  0x0000011fcfaf5b10 WorkerThread "GC Thread#9"                     [id=24708, stack(0x0000000da8900000,0x0000000da8a00000) (1024K)]
  0x0000011fcfaf7470 WorkerThread "GC Thread#10"                    [id=17004, stack(0x0000000da8a00000,0x0000000da8b00000) (1024K)]
  0x0000011fcfaf7bb0 WorkerThread "GC Thread#11"                    [id=2060, stack(0x0000000da8b00000,0x0000000da8c00000) (1024K)]
  0x0000011ff0e0fe60 ConcurrentGCThread "G1 Main Marker"            [id=30204, stack(0x0000000da6d00000,0x0000000da6e00000) (1024K)]
  0x0000011feeb72bf0 WorkerThread "G1 Conc#0"                       [id=15716, stack(0x0000000da6e00000,0x0000000da6f00000) (1024K)]
  0x0000011ffe97e810 ConcurrentGCThread "G1 Refine#0"               [id=26376, stack(0x0000000da6f00000,0x0000000da7000000) (1024K)]
  0x0000011ffe97ef90 ConcurrentGCThread "G1 Service"                [id=25904, stack(0x0000000da7000000,0x0000000da7100000) (1024K)]
Total: 18

Threads with active compile tasks:
Total: 0

VM state: not at safepoint (normal execution)

VM Mutex/Monitor currently owned by a thread:  ([mutex/lock_event])
[0x00007ffa27a4ace8] Metaspace_lock - owner thread: 0x0000011feeb9dcb0

Heap address: 0x0000000604000000, size: 8128 MB, Compressed Oops mode: Zero based, Oop shift amount: 3

CDS archive(s) mapped at: [0x0000011f8a000000-0x0000011f8ac90000-0x0000011f8ac90000), size 13172736, SharedBaseAddress: 0x0000011f8a000000, ArchiveRelocationMode: 1.
Compressed class space mapped at: 0x0000011f8b000000-0x0000011fcb000000, reserved size: 1073741824
Narrow klass base: 0x0000011f8a000000, Narrow klass shift: 0, Narrow klass range: 0x100000000

GC Precious Log:
 CardTable entry size: 512
 Card Set container configuration: InlinePtr #cards 4 size 8 Array Of Cards #cards 32 size 80 Howl #buckets 8 coarsen threshold 7372 Howl Bitmap #cards 1024 size 144 coarsen threshold 921 Card regions per heap region 1 cards per card region 8192
 CPUs: 16 total, 16 available
 Memory: 32498M
 Large Page Support: Disabled
 NUMA Support: Disabled
 Compressed Oops: Enabled (Zero based)
 Heap Region Size: 4M
 Heap Min Capacity: 8M
 Heap Initial Capacity: 508M
 Heap Max Capacity: 8128M
 Pre-touch: Disabled
 Parallel Workers: 13
 Concurrent Workers: 3
 Concurrent Refinement Workers: 13
 Periodic GC: Disabled

Heap:
 garbage-first heap   total 520192K, used 18988K [0x0000000604000000, 0x0000000800000000)
  region size 4096K, 5 young (20480K), 1 survivors (4096K)
 Metaspace       used 10269K, committed 10560K, reserved 1114112K
  class space    used 1341K, committed 1472K, reserved 1048576K

Heap Regions: E=young(eden), S=young(survivor), O=old, HS=humongous(starts), HC=humongous(continues), CS=collection set, F=free, TAMS=top-at-mark-start, PB=parsable bottom
|   0|0x0000000604000000, 0x000000060428b268, 0x0000000604400000| 63%| O|  |TAMS 0x0000000604000000| PB 0x0000000604000000| Untracked 
|   1|0x0000000604400000, 0x0000000604400000, 0x0000000604800000|  0%| F|  |TAMS 0x0000000604400000| PB 0x0000000604400000| Untracked 
|   2|0x0000000604800000, 0x0000000604800000, 0x0000000604c00000|  0%| F|  |TAMS 0x0000000604800000| PB 0x0000000604800000| Untracked 
|   3|0x0000000604c00000, 0x0000000604c00000, 0x0000000605000000|  0%| F|  |TAMS 0x0000000604c00000| PB 0x0000000604c00000| Untracked 
|   4|0x0000000605000000, 0x0000000605000000, 0x0000000605400000|  0%| F|  |TAMS 0x0000000605000000| PB 0x0000000605000000| Untracked 
|   5|0x0000000605400000, 0x0000000605400000, 0x0000000605800000|  0%| F|  |TAMS 0x0000000605400000| PB 0x0000000605400000| Untracked 
|   6|0x0000000605800000, 0x0000000605800000, 0x0000000605c00000|  0%| F|  |TAMS 0x0000000605800000| PB 0x0000000605800000| Untracked 
|   7|0x0000000605c00000, 0x0000000605c00000, 0x0000000606000000|  0%| F|  |TAMS 0x0000000605c00000| PB 0x0000000605c00000| Untracked 
|   8|0x0000000606000000, 0x0000000606000000, 0x0000000606400000|  0%| F|  |TAMS 0x0000000606000000| PB 0x0000000606000000| Untracked 
|   9|0x0000000606400000, 0x0000000606400000, 0x0000000606800000|  0%| F|  |TAMS 0x0000000606400000| PB 0x0000000606400000| Untracked 
|  10|0x0000000606800000, 0x0000000606800000, 0x0000000606c00000|  0%| F|  |TAMS 0x0000000606800000| PB 0x0000000606800000| Untracked 
|  11|0x0000000606c00000, 0x0000000606c00000, 0x0000000607000000|  0%| F|  |TAMS 0x0000000606c00000| PB 0x0000000606c00000| Untracked 
|  12|0x0000000607000000, 0x0000000607000000, 0x0000000607400000|  0%| F|  |TAMS 0x0000000607000000| PB 0x0000000607000000| Untracked 
|  13|0x0000000607400000, 0x0000000607400000, 0x0000000607800000|  0%| F|  |TAMS 0x0000000607400000| PB 0x0000000607400000| Untracked 
|  14|0x0000000607800000, 0x0000000607800000, 0x0000000607c00000|  0%| F|  |TAMS 0x0000000607800000| PB 0x0000000607800000| Untracked 
|  15|0x0000000607c00000, 0x0000000607c00000, 0x0000000608000000|  0%| F|  |TAMS 0x0000000607c00000| PB 0x0000000607c00000| Untracked 
|  16|0x0000000608000000, 0x0000000608000000, 0x0000000608400000|  0%| F|  |TAMS 0x0000000608000000| PB 0x0000000608000000| Untracked 
|  17|0x0000000608400000, 0x0000000608400000, 0x0000000608800000|  0%| F|  |TAMS 0x0000000608400000| PB 0x0000000608400000| Untracked 
|  18|0x0000000608800000, 0x0000000608800000, 0x0000000608c00000|  0%| F|  |TAMS 0x0000000608800000| PB 0x0000000608800000| Untracked 
|  19|0x0000000608c00000, 0x0000000608c00000, 0x0000000609000000|  0%| F|  |TAMS 0x0000000608c00000| PB 0x0000000608c00000| Untracked 
|  20|0x0000000609000000, 0x0000000609000000, 0x0000000609400000|  0%| F|  |TAMS 0x0000000609000000| PB 0x0000000609000000| Untracked 
|  21|0x0000000609400000, 0x0000000609400000, 0x0000000609800000|  0%| F|  |TAMS 0x0000000609400000| PB 0x0000000609400000| Untracked 
|  22|0x0000000609800000, 0x0000000609800000, 0x0000000609c00000|  0%| F|  |TAMS 0x0000000609800000| PB 0x0000000609800000| Untracked 
|  23|0x0000000609c00000, 0x0000000609c00000, 0x000000060a000000|  0%| F|  |TAMS 0x0000000609c00000| PB 0x0000000609c00000| Untracked 
|  24|0x000000060a000000, 0x000000060a000000, 0x000000060a400000|  0%| F|  |TAMS 0x000000060a000000| PB 0x000000060a000000| Untracked 
|  25|0x000000060a400000, 0x000000060a400000, 0x000000060a800000|  0%| F|  |TAMS 0x000000060a400000| PB 0x000000060a400000| Untracked 
|  26|0x000000060a800000, 0x000000060a800000, 0x000000060ac00000|  0%| F|  |TAMS 0x000000060a800000| PB 0x000000060a800000| Untracked 
|  27|0x000000060ac00000, 0x000000060ac00000, 0x000000060b000000|  0%| F|  |TAMS 0x000000060ac00000| PB 0x000000060ac00000| Untracked 
|  28|0x000000060b000000, 0x000000060b000000, 0x000000060b400000|  0%| F|  |TAMS 0x000000060b000000| PB 0x000000060b000000| Untracked 
|  29|0x000000060b400000, 0x000000060b400000, 0x000000060b800000|  0%| F|  |TAMS 0x000000060b400000| PB 0x000000060b400000| Untracked 
|  30|0x000000060b800000, 0x000000060b800000, 0x000000060bc00000|  0%| F|  |TAMS 0x000000060b800000| PB 0x000000060b800000| Untracked 
|  31|0x000000060bc00000, 0x000000060bc00000, 0x000000060c000000|  0%| F|  |TAMS 0x000000060bc00000| PB 0x000000060bc00000| Untracked 
|  32|0x000000060c000000, 0x000000060c000000, 0x000000060c400000|  0%| F|  |TAMS 0x000000060c000000| PB 0x000000060c000000| Untracked 
|  33|0x000000060c400000, 0x000000060c400000, 0x000000060c800000|  0%| F|  |TAMS 0x000000060c400000| PB 0x000000060c400000| Untracked 
|  34|0x000000060c800000, 0x000000060c800000, 0x000000060cc00000|  0%| F|  |TAMS 0x000000060c800000| PB 0x000000060c800000| Untracked 
|  35|0x000000060cc00000, 0x000000060cc00000, 0x000000060d000000|  0%| F|  |TAMS 0x000000060cc00000| PB 0x000000060cc00000| Untracked 
|  36|0x000000060d000000, 0x000000060d000000, 0x000000060d400000|  0%| F|  |TAMS 0x000000060d000000| PB 0x000000060d000000| Untracked 
|  37|0x000000060d400000, 0x000000060d400000, 0x000000060d800000|  0%| F|  |TAMS 0x000000060d400000| PB 0x000000060d400000| Untracked 
|  38|0x000000060d800000, 0x000000060d800000, 0x000000060dc00000|  0%| F|  |TAMS 0x000000060d800000| PB 0x000000060d800000| Untracked 
|  39|0x000000060dc00000, 0x000000060dc00000, 0x000000060e000000|  0%| F|  |TAMS 0x000000060dc00000| PB 0x000000060dc00000| Untracked 
|  40|0x000000060e000000, 0x000000060e000000, 0x000000060e400000|  0%| F|  |TAMS 0x000000060e000000| PB 0x000000060e000000| Untracked 
|  41|0x000000060e400000, 0x000000060e400000, 0x000000060e800000|  0%| F|  |TAMS 0x000000060e400000| PB 0x000000060e400000| Untracked 
|  42|0x000000060e800000, 0x000000060e800000, 0x000000060ec00000|  0%| F|  |TAMS 0x000000060e800000| PB 0x000000060e800000| Untracked 
|  43|0x000000060ec00000, 0x000000060ec00000, 0x000000060f000000|  0%| F|  |TAMS 0x000000060ec00000| PB 0x000000060ec00000| Untracked 
|  44|0x000000060f000000, 0x000000060f000000, 0x000000060f400000|  0%| F|  |TAMS 0x000000060f000000| PB 0x000000060f000000| Untracked 
|  45|0x000000060f400000, 0x000000060f400000, 0x000000060f800000|  0%| F|  |TAMS 0x000000060f400000| PB 0x000000060f400000| Untracked 
|  46|0x000000060f800000, 0x000000060f800000, 0x000000060fc00000|  0%| F|  |TAMS 0x000000060f800000| PB 0x000000060f800000| Untracked 
|  47|0x000000060fc00000, 0x000000060fc00000, 0x0000000610000000|  0%| F|  |TAMS 0x000000060fc00000| PB 0x000000060fc00000| Untracked 
|  48|0x0000000610000000, 0x0000000610000000, 0x0000000610400000|  0%| F|  |TAMS 0x0000000610000000| PB 0x0000000610000000| Untracked 
|  49|0x0000000610400000, 0x0000000610400000, 0x0000000610800000|  0%| F|  |TAMS 0x0000000610400000| PB 0x0000000610400000| Untracked 
|  50|0x0000000610800000, 0x0000000610800000, 0x0000000610c00000|  0%| F|  |TAMS 0x0000000610800000| PB 0x0000000610800000| Untracked 
|  51|0x0000000610c00000, 0x0000000610c00000, 0x0000000611000000|  0%| F|  |TAMS 0x0000000610c00000| PB 0x0000000610c00000| Untracked 
|  52|0x0000000611000000, 0x0000000611000000, 0x0000000611400000|  0%| F|  |TAMS 0x0000000611000000| PB 0x0000000611000000| Untracked 
|  53|0x0000000611400000, 0x0000000611400000, 0x0000000611800000|  0%| F|  |TAMS 0x0000000611400000| PB 0x0000000611400000| Untracked 
|  54|0x0000000611800000, 0x0000000611800000, 0x0000000611c00000|  0%| F|  |TAMS 0x0000000611800000| PB 0x0000000611800000| Untracked 
|  55|0x0000000611c00000, 0x0000000611c00000, 0x0000000612000000|  0%| F|  |TAMS 0x0000000611c00000| PB 0x0000000611c00000| Untracked 
|  56|0x0000000612000000, 0x0000000612000000, 0x0000000612400000|  0%| F|  |TAMS 0x0000000612000000| PB 0x0000000612000000| Untracked 
|  57|0x0000000612400000, 0x0000000612400000, 0x0000000612800000|  0%| F|  |TAMS 0x0000000612400000| PB 0x0000000612400000| Untracked 
|  58|0x0000000612800000, 0x0000000612800000, 0x0000000612c00000|  0%| F|  |TAMS 0x0000000612800000| PB 0x0000000612800000| Untracked 
|  59|0x0000000612c00000, 0x0000000612c00000, 0x0000000613000000|  0%| F|  |TAMS 0x0000000612c00000| PB 0x0000000612c00000| Untracked 
|  60|0x0000000613000000, 0x0000000613000000, 0x0000000613400000|  0%| F|  |TAMS 0x0000000613000000| PB 0x0000000613000000| Untracked 
|  61|0x0000000613400000, 0x0000000613400000, 0x0000000613800000|  0%| F|  |TAMS 0x0000000613400000| PB 0x0000000613400000| Untracked 
|  62|0x0000000613800000, 0x0000000613800000, 0x0000000613c00000|  0%| F|  |TAMS 0x0000000613800000| PB 0x0000000613800000| Untracked 
|  63|0x0000000613c00000, 0x0000000613c00000, 0x0000000614000000|  0%| F|  |TAMS 0x0000000613c00000| PB 0x0000000613c00000| Untracked 
|  64|0x0000000614000000, 0x0000000614000000, 0x0000000614400000|  0%| F|  |TAMS 0x0000000614000000| PB 0x0000000614000000| Untracked 
|  65|0x0000000614400000, 0x0000000614400000, 0x0000000614800000|  0%| F|  |TAMS 0x0000000614400000| PB 0x0000000614400000| Untracked 
|  66|0x0000000614800000, 0x0000000614800000, 0x0000000614c00000|  0%| F|  |TAMS 0x0000000614800000| PB 0x0000000614800000| Untracked 
|  67|0x0000000614c00000, 0x0000000614c00000, 0x0000000615000000|  0%| F|  |TAMS 0x0000000614c00000| PB 0x0000000614c00000| Untracked 
|  68|0x0000000615000000, 0x0000000615000000, 0x0000000615400000|  0%| F|  |TAMS 0x0000000615000000| PB 0x0000000615000000| Untracked 
|  69|0x0000000615400000, 0x0000000615400000, 0x0000000615800000|  0%| F|  |TAMS 0x0000000615400000| PB 0x0000000615400000| Untracked 
|  70|0x0000000615800000, 0x0000000615800000, 0x0000000615c00000|  0%| F|  |TAMS 0x0000000615800000| PB 0x0000000615800000| Untracked 
|  71|0x0000000615c00000, 0x0000000615c00000, 0x0000000616000000|  0%| F|  |TAMS 0x0000000615c00000| PB 0x0000000615c00000| Untracked 
|  72|0x0000000616000000, 0x0000000616000000, 0x0000000616400000|  0%| F|  |TAMS 0x0000000616000000| PB 0x0000000616000000| Untracked 
|  73|0x0000000616400000, 0x0000000616400000, 0x0000000616800000|  0%| F|  |TAMS 0x0000000616400000| PB 0x0000000616400000| Untracked 
|  74|0x0000000616800000, 0x0000000616800000, 0x0000000616c00000|  0%| F|  |TAMS 0x0000000616800000| PB 0x0000000616800000| Untracked 
|  75|0x0000000616c00000, 0x0000000616c00000, 0x0000000617000000|  0%| F|  |TAMS 0x0000000616c00000| PB 0x0000000616c00000| Untracked 
|  76|0x0000000617000000, 0x0000000617000000, 0x0000000617400000|  0%| F|  |TAMS 0x0000000617000000| PB 0x0000000617000000| Untracked 
|  77|0x0000000617400000, 0x0000000617400000, 0x0000000617800000|  0%| F|  |TAMS 0x0000000617400000| PB 0x0000000617400000| Untracked 
|  78|0x0000000617800000, 0x0000000617800000, 0x0000000617c00000|  0%| F|  |TAMS 0x0000000617800000| PB 0x0000000617800000| Untracked 
|  79|0x0000000617c00000, 0x0000000617c00000, 0x0000000618000000|  0%| F|  |TAMS 0x0000000617c00000| PB 0x0000000617c00000| Untracked 
|  80|0x0000000618000000, 0x0000000618000000, 0x0000000618400000|  0%| F|  |TAMS 0x0000000618000000| PB 0x0000000618000000| Untracked 
|  81|0x0000000618400000, 0x0000000618400000, 0x0000000618800000|  0%| F|  |TAMS 0x0000000618400000| PB 0x0000000618400000| Untracked 
|  82|0x0000000618800000, 0x0000000618800000, 0x0000000618c00000|  0%| F|  |TAMS 0x0000000618800000| PB 0x0000000618800000| Untracked 
|  83|0x0000000618c00000, 0x0000000618c00000, 0x0000000619000000|  0%| F|  |TAMS 0x0000000618c00000| PB 0x0000000618c00000| Untracked 
|  84|0x0000000619000000, 0x0000000619000000, 0x0000000619400000|  0%| F|  |TAMS 0x0000000619000000| PB 0x0000000619000000| Untracked 
|  85|0x0000000619400000, 0x0000000619400000, 0x0000000619800000|  0%| F|  |TAMS 0x0000000619400000| PB 0x0000000619400000| Untracked 
|  86|0x0000000619800000, 0x0000000619800000, 0x0000000619c00000|  0%| F|  |TAMS 0x0000000619800000| PB 0x0000000619800000| Untracked 
|  87|0x0000000619c00000, 0x0000000619c00000, 0x000000061a000000|  0%| F|  |TAMS 0x0000000619c00000| PB 0x0000000619c00000| Untracked 
|  88|0x000000061a000000, 0x000000061a000000, 0x000000061a400000|  0%| F|  |TAMS 0x000000061a000000| PB 0x000000061a000000| Untracked 
|  89|0x000000061a400000, 0x000000061a400000, 0x000000061a800000|  0%| F|  |TAMS 0x000000061a400000| PB 0x000000061a400000| Untracked 
|  90|0x000000061a800000, 0x000000061a800000, 0x000000061ac00000|  0%| F|  |TAMS 0x000000061a800000| PB 0x000000061a800000| Untracked 
|  91|0x000000061ac00000, 0x000000061ac00000, 0x000000061b000000|  0%| F|  |TAMS 0x000000061ac00000| PB 0x000000061ac00000| Untracked 
|  92|0x000000061b000000, 0x000000061b000000, 0x000000061b400000|  0%| F|  |TAMS 0x000000061b000000| PB 0x000000061b000000| Untracked 
|  93|0x000000061b400000, 0x000000061b400000, 0x000000061b800000|  0%| F|  |TAMS 0x000000061b400000| PB 0x000000061b400000| Untracked 
|  94|0x000000061b800000, 0x000000061b800000, 0x000000061bc00000|  0%| F|  |TAMS 0x000000061b800000| PB 0x000000061b800000| Untracked 
|  95|0x000000061bc00000, 0x000000061bc00000, 0x000000061c000000|  0%| F|  |TAMS 0x000000061bc00000| PB 0x000000061bc00000| Untracked 
|  96|0x000000061c000000, 0x000000061c000000, 0x000000061c400000|  0%| F|  |TAMS 0x000000061c000000| PB 0x000000061c000000| Untracked 
|  97|0x000000061c400000, 0x000000061c400000, 0x000000061c800000|  0%| F|  |TAMS 0x000000061c400000| PB 0x000000061c400000| Untracked 
|  98|0x000000061c800000, 0x000000061c800000, 0x000000061cc00000|  0%| F|  |TAMS 0x000000061c800000| PB 0x000000061c800000| Untracked 
|  99|0x000000061cc00000, 0x000000061cc00000, 0x000000061d000000|  0%| F|  |TAMS 0x000000061cc00000| PB 0x000000061cc00000| Untracked 
| 100|0x000000061d000000, 0x000000061d000000, 0x000000061d400000|  0%| F|  |TAMS 0x000000061d000000| PB 0x000000061d000000| Untracked 
| 101|0x000000061d400000, 0x000000061d400000, 0x000000061d800000|  0%| F|  |TAMS 0x000000061d400000| PB 0x000000061d400000| Untracked 
| 102|0x000000061d800000, 0x000000061d800000, 0x000000061dc00000|  0%| F|  |TAMS 0x000000061d800000| PB 0x000000061d800000| Untracked 
| 103|0x000000061dc00000, 0x000000061dc00000, 0x000000061e000000|  0%| F|  |TAMS 0x000000061dc00000| PB 0x000000061dc00000| Untracked 
| 104|0x000000061e000000, 0x000000061e000000, 0x000000061e400000|  0%| F|  |TAMS 0x000000061e000000| PB 0x000000061e000000| Untracked 
| 105|0x000000061e400000, 0x000000061e400000, 0x000000061e800000|  0%| F|  |TAMS 0x000000061e400000| PB 0x000000061e400000| Untracked 
| 106|0x000000061e800000, 0x000000061e800000, 0x000000061ec00000|  0%| F|  |TAMS 0x000000061e800000| PB 0x000000061e800000| Untracked 
| 107|0x000000061ec00000, 0x000000061ec00000, 0x000000061f000000|  0%| F|  |TAMS 0x000000061ec00000| PB 0x000000061ec00000| Untracked 
| 108|0x000000061f000000, 0x000000061f000000, 0x000000061f400000|  0%| F|  |TAMS 0x000000061f000000| PB 0x000000061f000000| Untracked 
| 109|0x000000061f400000, 0x000000061f400000, 0x000000061f800000|  0%| F|  |TAMS 0x000000061f400000| PB 0x000000061f400000| Untracked 
| 110|0x000000061f800000, 0x000000061f800000, 0x000000061fc00000|  0%| F|  |TAMS 0x000000061f800000| PB 0x000000061f800000| Untracked 
| 111|0x000000061fc00000, 0x000000061fc00000, 0x0000000620000000|  0%| F|  |TAMS 0x000000061fc00000| PB 0x000000061fc00000| Untracked 
| 112|0x0000000620000000, 0x0000000620000000, 0x0000000620400000|  0%| F|  |TAMS 0x0000000620000000| PB 0x0000000620000000| Untracked 
| 113|0x0000000620400000, 0x0000000620400000, 0x0000000620800000|  0%| F|  |TAMS 0x0000000620400000| PB 0x0000000620400000| Untracked 
| 114|0x0000000620800000, 0x0000000620800000, 0x0000000620c00000|  0%| F|  |TAMS 0x0000000620800000| PB 0x0000000620800000| Untracked 
| 115|0x0000000620c00000, 0x0000000620c00000, 0x0000000621000000|  0%| F|  |TAMS 0x0000000620c00000| PB 0x0000000620c00000| Untracked 
| 116|0x0000000621000000, 0x0000000621000000, 0x0000000621400000|  0%| F|  |TAMS 0x0000000621000000| PB 0x0000000621000000| Untracked 
| 117|0x0000000621400000, 0x0000000621400000, 0x0000000621800000|  0%| F|  |TAMS 0x0000000621400000| PB 0x0000000621400000| Untracked 
| 118|0x0000000621800000, 0x0000000621800000, 0x0000000621c00000|  0%| F|  |TAMS 0x0000000621800000| PB 0x0000000621800000| Untracked 
| 119|0x0000000621c00000, 0x0000000621c00000, 0x0000000622000000|  0%| F|  |TAMS 0x0000000621c00000| PB 0x0000000621c00000| Untracked 
| 120|0x0000000622000000, 0x0000000622400000, 0x0000000622400000|100%| S|CS|TAMS 0x0000000622000000| PB 0x0000000622000000| Complete 
| 121|0x0000000622400000, 0x0000000622400000, 0x0000000622800000|  0%| F|  |TAMS 0x0000000622400000| PB 0x0000000622400000| Untracked 
| 122|0x0000000622800000, 0x0000000622800000, 0x0000000622c00000|  0%| F|  |TAMS 0x0000000622800000| PB 0x0000000622800000| Untracked 
| 123|0x0000000622c00000, 0x0000000622de5878, 0x0000000623000000| 47%| E|  |TAMS 0x0000000622c00000| PB 0x0000000622c00000| Complete 
| 124|0x0000000623000000, 0x0000000623400000, 0x0000000623400000|100%| E|CS|TAMS 0x0000000623000000| PB 0x0000000623000000| Complete 
| 125|0x0000000623400000, 0x0000000623800000, 0x0000000623800000|100%| E|CS|TAMS 0x0000000623400000| PB 0x0000000623400000| Complete 
| 126|0x0000000623800000, 0x0000000623c00000, 0x0000000623c00000|100%| E|CS|TAMS 0x0000000623800000| PB 0x0000000623800000| Complete 

Card table byte_map: [0x0000011ffd820000,0x0000011ffe800000] _byte_map_base: 0x0000011ffa800000

Marking Bits: (CMBitMap*) 0x0000011ff0dff780
 Bits: [0x0000011f80000000, 0x0000011f87f00000)

Polling page: 0x0000011feeb50000

Metaspace:

Usage:
  Non-class:      8.72 MB used.
      Class:      1.31 MB used.
       Both:     10.03 MB used.

Virtual space:
  Non-class space:       64.00 MB reserved,       8.88 MB ( 14%) committed,  1 nodes.
      Class space:        1.00 GB reserved,       1.44 MB ( <1%) committed,  1 nodes.
             Both:        1.06 GB reserved,      10.31 MB ( <1%) committed. 

Chunk freelists:
   Non-Class:  7.06 MB
       Class:  14.60 MB
        Both:  21.66 MB

MaxMetaspaceSize: unlimited
CompressedClassSpaceSize: 1.00 GB
Initial GC threshold: 21.00 MB
Current GC threshold: 21.00 MB
CDS: on
 - commit_granule_bytes: 65536.
 - commit_granule_words: 8192.
 - virtual_space_node_default_size: 8388608.
 - enlarge_chunks_in_place: 1.
 - use_allocation_guard: 0.


Internal statistics:

num_allocs_failed_limit: 0.
num_arena_births: 270.
num_arena_deaths: 0.
num_vsnodes_births: 2.
num_vsnodes_deaths: 0.
num_space_committed: 165.
num_space_uncommitted: 0.
num_chunks_returned_to_freelist: 0.
num_chunks_taken_from_freelist: 502.
num_chunk_merges: 0.
num_chunk_splits: 325.
num_chunks_enlarged: 213.
num_inconsistent_stats: 0.

CodeCache: size=49152Kb used=5691Kb max_used=5691Kb free=43460Kb
 bounds [0x0000011ff91e0000, 0x0000011ff9770000, 0x0000011ffc1e0000]
 total_blobs=2238 nmethods=1752 adapters=407
 compilation: disabled (not enough contiguous free space left)
              stopped_count=1, restarted_count=0
 full_count=1

Compilation events (20 events):
Event: 0.666 Thread 0x0000011fcf6715a0 nmethod 1725 0x0000011ff9764f90 code [0x0000011ff9765180, 0x0000011ff97655f0]
Event: 0.666 Thread 0x0000011fcf6715a0 1730       1       java.lang.invoke.CallSite::<init> (23 bytes)
Event: 0.666 Thread 0x0000011ffeab01a0 nmethod 1729 0x0000011ff9765890 code [0x0000011ff9765a40, 0x0000011ff9765d80]
Event: 0.666 Thread 0x0000011ffeab01a0 1731       1       java.lang.invoke.MethodHandleNatives$CallSiteContext::make (19 bytes)
Event: 0.666 Thread 0x0000011ffeab0850 nmethod 1726 0x0000011ff9765f10 code [0x0000011ff97661c0, 0x0000011ff9766998]
Event: 0.666 Thread 0x0000011fcf6715a0 nmethod 1730 0x0000011ff9767310 code [0x0000011ff97674c0, 0x0000011ff9767800]
Event: 0.666 Thread 0x0000011ffeab0850 1732       1       java.lang.invoke.MethodHandleNatives$CallSiteContext::<init> (5 bytes)
Event: 0.666 Thread 0x0000011fcf6715a0 1733       1       jdk.internal.misc.Unsafe::storeStoreFence (5 bytes)
Event: 0.666 Thread 0x0000011ffeab01a0 nmethod 1731 0x0000011ff9767990 code [0x0000011ff9767b60, 0x0000011ff9767e38]
Event: 0.666 Thread 0x0000011ffeab0850 nmethod 1732 0x0000011ff9767f90 code [0x0000011ff9768120, 0x0000011ff97681e8]
Event: 0.666 Thread 0x0000011fcf6715a0 nmethod 1733 0x0000011ff9768290 code [0x0000011ff9768420, 0x0000011ff97684e8]
Event: 0.666 Thread 0x0000011ffeab0850 1734       1       java.lang.invoke.BootstrapMethodInvoker::widenAndCast (47 bytes)
Event: 0.666 Thread 0x0000011ffeab01a0 1735       1       java.lang.invoke.ConstantCallSite::dynamicInvoker (5 bytes)
Event: 0.666 Thread 0x0000011fcf6715a0 1736       1       java.lang.invoke.Invokers::linkToTargetMethod (11 bytes)
Event: 0.666 Thread 0x0000011fcf6715a0 nmethod 1736 0x0000011ff9768590 code [0x0000011ff9768740, 0x0000011ff9768810]
Event: 0.666 Thread 0x0000011ffeab01a0 nmethod 1735 0x0000011ff9768910 code [0x0000011ff9768ac0, 0x0000011ff9768c28]
Event: 0.666 Thread 0x0000011fcf6715a0 1737       1       java.lang.invoke.Invokers::callSiteForm (297 bytes)
Event: 0.667 Thread 0x0000011ffeab0850 nmethod 1734 0x0000011ff9768d10 code [0x0000011ff9768f40, 0x0000011ff9769390]
Event: 0.668 Thread 0x0000011fcf6715a0 nmethod 1737 0x0000011ff9769610 code [0x0000011ff97698e0, 0x0000011ff976a670]
Event: 0.668 Thread 0x0000011fcf05a840 


GC Heap History (2 events):
Event: 0.510 GC heap before
{Heap before GC invocations=0 (full 0):
 garbage-first heap   total 520192K, used 20480K [0x0000000604000000, 0x0000000800000000)
  region size 4096K, 6 young (24576K), 0 survivors (0K)
 Metaspace       used 7228K, committed 7488K, reserved 1114112K
  class space    used 883K, committed 1024K, reserved 1048576K
}
Event: 0.514 GC heap after
{Heap after GC invocations=1 (full 0):
 garbage-first heap   total 520192K, used 6700K [0x0000000604000000, 0x0000000800000000)
  region size 4096K, 1 young (4096K), 1 survivors (4096K)
 Metaspace       used 7228K, committed 7488K, reserved 1114112K
  class space    used 883K, committed 1024K, reserved 1048576K
}

Dll operation events (11 events):
Event: 0.007 Loaded shared library C:\Users\BanhMiBietBay\.jdks\openjdk-21.0.2-2\bin\java.dll
Event: 0.089 Loaded shared library C:\Users\BanhMiBietBay\.jdks\openjdk-21.0.2-2\bin\zip.dll
Event: 0.091 Loaded shared library C:\Users\BanhMiBietBay\.jdks\openjdk-21.0.2-2\bin\instrument.dll
Event: 0.096 Loaded shared library C:\Users\BanhMiBietBay\.jdks\openjdk-21.0.2-2\bin\net.dll
Event: 0.097 Loaded shared library C:\Users\BanhMiBietBay\.jdks\openjdk-21.0.2-2\bin\nio.dll
Event: 0.100 Loaded shared library C:\Users\BanhMiBietBay\.jdks\openjdk-21.0.2-2\bin\zip.dll
Event: 0.149 Loaded shared library C:\Users\BanhMiBietBay\AppData\Local\Programs\IntelliJ IDEA Ultimate\bin\breakgen64.dll
Event: 0.153 Loaded shared library C:\Users\BanhMiBietBay\.jdks\openjdk-21.0.2-2\bin\jimage.dll
Event: 0.155 Loaded shared library C:\Users\BanhMiBietBay\.jdks\openjdk-21.0.2-2\bin\extnet.dll
Event: 0.167 Loaded shared library C:\Users\BanhMiBietBay\.jdks\openjdk-21.0.2-2\bin\management.dll
Event: 0.175 Loaded shared library C:\Users\BanhMiBietBay\.jdks\openjdk-21.0.2-2\bin\management_ext.dll

Deoptimization events (0 events):
No events

Classes loaded (20 events):
Event: 0.723 Loading class java/lang/Byte$ByteCache
Event: 0.723 Loading class java/lang/Byte$ByteCache done
Event: 0.723 Loading class java/lang/Short$ShortCache
Event: 0.723 Loading class java/lang/Short$ShortCache done
Event: 0.724 Loading class java/util/function/IntUnaryOperator
Event: 0.724 Loading class java/util/function/IntUnaryOperator done
Event: 0.725 Loading class java/util/stream/IntPipeline$4
Event: 0.725 Loading class java/util/stream/IntPipeline$4 done
Event: 0.725 Loading class java/util/stream/ForEachOps$ForEachOp$OfInt
Event: 0.725 Loading class java/util/stream/ForEachOps$ForEachOp$OfInt done
Event: 0.725 Loading class java/util/stream/IntPipeline$4$1
Event: 0.725 Loading class java/util/stream/IntPipeline$4$1 done
Event: 0.726 Loading class java/util/RegularEnumSet$EnumSetIterator
Event: 0.726 Loading class java/util/RegularEnumSet$EnumSetIterator done
Event: 0.730 Loading class java/nio/file/attribute/PosixFilePermission
Event: 0.730 Loading class java/nio/file/attribute/PosixFilePermission done
Event: 0.730 Loading class java/lang/ProcessHandle
Event: 0.730 Loading class java/lang/ProcessHandle done
Event: 0.730 Loading class java/lang/ProcessHandleImpl
Event: 0.730 Loading class java/lang/ProcessHandleImpl done

Classes unloaded (0 events):
No events

Classes redefined (0 events):
No events

Internal exceptions (20 events):
Event: 0.536 Thread 0x0000011feeb9dcb0 Exception <a 'java/lang/NoSuchMethodError'{0x00000006239c5038}: 'java.lang.Object java.lang.invoke.DirectMethodHandle$Holder.newInvokeSpecial(java.lang.Object, java.lang.Object, java.lang.Object, java.lang.Object, java.lang.Object)'> (0x00000006239c5038) 
thrown [s\open\src\hotspot\share\interpreter\linkResolver.cpp, line 773]
Event: 0.549 Thread 0x0000011feeb9dcb0 Exception <a 'java/lang/IncompatibleClassChangeError'{0x0000000623a80dd0}: Found class java.lang.Object, but interface was expected> (0x0000000623a80dd0) 
thrown [s\open\src\hotspot\share\interpreter\linkResolver.cpp, line 840]
Event: 0.559 Thread 0x0000011feeb9dcb0 Exception <a 'sun/nio/fs/WindowsException'{0x0000000623b2f210}> (0x0000000623b2f210) 
thrown [s\open\src\hotspot\share\prims\jni.cpp, line 520]
Event: 0.641 Thread 0x0000011feeb9dcb0 Exception <a 'java/lang/NoSuchMethodError'{0x0000000623015a50}: 'java.lang.Object java.lang.invoke.DirectMethodHandle$Holder.newInvokeSpecial(java.lang.Object, java.lang.Object, java.lang.Object, java.lang.Object, java.lang.Object, java.lang.Object, java.lang.Object)'> (0x0000000623015a50) 
thrown [s\open\src\hotspot\share\interpreter\linkResolver.cpp, line 773]
Event: 0.643 Thread 0x0000011feeb9dcb0 Exception <a 'java/lang/NoSuchMethodError'{0x0000000623031a30}: 'void java.lang.invoke.DirectMethodHandle$Holder.invokeStaticInit(java.lang.Object, java.lang.Object)'> (0x0000000623031a30) 
thrown [s\open\src\hotspot\share\interpreter\linkResolver.cpp, line 773]
Event: 0.648 Thread 0x0000011feeb9dcb0 Exception <a 'java/lang/NoSuchMethodError'{0x0000000623075e78}: 'int java.lang.invoke.DirectMethodHandle$Holder.invokeStatic(java.lang.Object, java.lang.Object, java.lang.Object, java.lang.Object)'> (0x0000000623075e78) 
thrown [s\open\src\hotspot\share\interpreter\linkResolver.cpp, line 773]
Event: 0.648 Thread 0x0000011feeb9dcb0 Exception <a 'java/lang/NoSuchMethodError'{0x00000006230794f8}: 'java.lang.Object java.lang.invoke.Invokers$Holder.invokeExact_MT(java.lang.Object, java.lang.Object, java.lang.Object, java.lang.Object, java.lang.Object, java.lang.Object)'> (0x00000006230794f8) 
thrown [s\open\src\hotspot\share\interpreter\linkResolver.cpp, line 773]
Event: 0.655 Thread 0x0000011feeb9dcb0 Exception <a 'java/lang/NoSuchMethodError'{0x00000006230dd8d0}: 'java.lang.Object java.lang.invoke.DirectMethodHandle$Holder.invokeSpecial(java.lang.Object, java.lang.Object, java.lang.Object, java.lang.Object, java.lang.Object, java.lang.Object, int)'> (0x00000006230dd8d0) 
thrown [s\open\src\hotspot\share\interpreter\linkResolver.cpp, line 773]
Event: 0.655 Thread 0x0000011feeb9dcb0 Exception <a 'java/lang/NoSuchMethodError'{0x00000006230e6dd8}: 'java.lang.Object java.lang.invoke.DirectMethodHandle$Holder.newInvokeSpecial(java.lang.Object, java.lang.Object, java.lang.Object, java.lang.Object, java.lang.Object, java.lang.Object, int)'> (0x00000006230e6dd8) 
thrown [s\open\src\hotspot\share\interpreter\linkResolver.cpp, line 773]
Event: 0.656 Thread 0x0000011feeb9dcb0 Exception <a 'java/lang/NoSuchMethodError'{0x00000006230eb388}: 'java.lang.Object java.lang.invoke.DirectMethodHandle$Holder.invokeSpecial(java.lang.Object, java.lang.Object, java.lang.Object, java.lang.Object, java.lang.Object, java.lang.Object, java.lang.Object, int)'> (0x00000006230eb388) 
thrown [s\open\src\hotspot\share\interpreter\linkResolver.cpp, line 773]
Event: 0.692 Thread 0x0000011feeb9dcb0 Exception <a 'java/lang/NoSuchMethodError'{0x0000000623301480}: 'java.lang.Object java.lang.invoke.DirectMethodHandle$Holder.invokeSpecial(java.lang.Object, java.lang.Object, java.lang.Object, int, java.lang.Object)'> (0x0000000623301480) 
thrown [s\open\src\hotspot\share\interpreter\linkResolver.cpp, line 773]
Event: 0.693 Thread 0x0000011feeb9dcb0 Exception <a 'java/lang/NoSuchMethodError'{0x0000000623308d70}: 'java.lang.Object java.lang.invoke.DirectMethodHandle$Holder.newInvokeSpecial(java.lang.Object, java.lang.Object, java.lang.Object, int, java.lang.Object)'> (0x0000000623308d70) 
thrown [s\open\src\hotspot\share\interpreter\linkResolver.cpp, line 773]
Event: 0.693 Thread 0x0000011feeb9dcb0 Exception <a 'java/lang/NoSuchMethodError'{0x0000000623310228}: 'java.lang.Object java.lang.invoke.Invokers$Holder.linkToTargetMethod(java.lang.Object, java.lang.Object, int, java.lang.Object, java.lang.Object)'> (0x0000000623310228) 
thrown [s\open\src\hotspot\share\interpreter\linkResolver.cpp, line 773]
Event: 0.693 Thread 0x0000011feeb9dcb0 Exception <a 'java/lang/NoSuchMethodError'{0x000000062331e0a0}: 'java.lang.Object java.lang.invoke.DirectMethodHandle$Holder.newInvokeSpecial(java.lang.Object, int, java.lang.Object)'> (0x000000062331e0a0) 
thrown [s\open\src\hotspot\share\interpreter\linkResolver.cpp, line 773]
Event: 0.694 Thread 0x0000011feeb9dcb0 Exception <a 'java/lang/NoSuchMethodError'{0x00000006233227b0}: 'int java.lang.invoke.DirectMethodHandle$Holder.invokeSpecialIFC(java.lang.Object, java.lang.Object, java.lang.Object, java.lang.Object)'> (0x00000006233227b0) 
thrown [s\open\src\hotspot\share\interpreter\linkResolver.cpp, line 773]
Event: 0.704 Thread 0x0000011feeb9dcb0 Exception <a 'java/lang/NoSuchMethodError'{0x00000006233f0c20}: 'void java.lang.invoke.DirectMethodHandle$Holder.invokeInterface(java.lang.Object, java.lang.Object, java.lang.Object)'> (0x00000006233f0c20) 
thrown [s\open\src\hotspot\share\interpreter\linkResolver.cpp, line 773]
Event: 0.712 Thread 0x0000011feeb9dcb0 Exception <a 'java/lang/NoSuchMethodError'{0x0000000622c6f288}: 'java.lang.Object java.lang.invoke.DirectMethodHandle$Holder.invokeVirtual(java.lang.Object, java.lang.Object, java.lang.Object)'> (0x0000000622c6f288) 
thrown [s\open\src\hotspot\share\interpreter\linkResolver.cpp, line 773]
Event: 0.725 Thread 0x0000011feeb9dcb0 Exception <a 'java/lang/NoSuchMethodError'{0x0000000622d3f6a8}: 'void java.lang.invoke.DirectMethodHandle$Holder.invokeStatic(java.lang.Object, java.lang.Object, int)'> (0x0000000622d3f6a8) 
thrown [s\open\src\hotspot\share\interpreter\linkResolver.cpp, line 773]
Event: 0.727 Thread 0x0000011feeb9dcb0 Exception <a 'java/lang/NoSuchMethodError'{0x0000000622d54088}: 'void java.lang.invoke.DirectMethodHandle$Holder.invokeStaticInit(java.lang.Object, java.lang.Object, java.lang.Object)'> (0x0000000622d54088) 
thrown [s\open\src\hotspot\share\interpreter\linkResolver.cpp, line 773]
Event: 0.730 Thread 0x0000011feeb9dcb0 Exception <a 'java/lang/NoSuchMethodError'{0x0000000622d97138}: 'java.lang.Object java.lang.invoke.DirectMethodHandle$Holder.invokeStatic(java.lang.Object, long, java.lang.Object)'> (0x0000000622d97138) 
thrown [s\open\src\hotspot\share\interpreter\linkResolver.cpp, line 773]

ZGC Phase Switch (0 events):
No events

VM Operations (20 events):
Event: 0.077 Executing VM operation: HandshakeAllThreads (Deoptimize)
Event: 0.077 Executing VM operation: HandshakeAllThreads (Deoptimize) done
Event: 0.300 Executing VM operation: HandshakeAllThreads (Deoptimize)
Event: 0.300 Executing VM operation: HandshakeAllThreads (Deoptimize) done
Event: 0.345 Executing VM operation: HandshakeAllThreads (Deoptimize)
Event: 0.345 Executing VM operation: HandshakeAllThreads (Deoptimize) done
Event: 0.361 Executing VM operation: HandshakeAllThreads (Deoptimize)
Event: 0.361 Executing VM operation: HandshakeAllThreads (Deoptimize) done
Event: 0.383 Executing VM operation: HandshakeAllThreads (Deoptimize)
Event: 0.383 Executing VM operation: HandshakeAllThreads (Deoptimize) done
Event: 0.386 Executing VM operation: HandshakeAllThreads (Deoptimize)
Event: 0.386 Executing VM operation: HandshakeAllThreads (Deoptimize) done
Event: 0.466 Executing VM operation: ICBufferFull
Event: 0.466 Executing VM operation: ICBufferFull done
Event: 0.510 Executing VM operation: G1CollectForAllocation (G1 Evacuation Pause)
Event: 0.514 Executing VM operation: G1CollectForAllocation (G1 Evacuation Pause) done
Event: 0.560 Executing VM operation: HandshakeAllThreads (Deoptimize)
Event: 0.560 Executing VM operation: HandshakeAllThreads (Deoptimize) done
Event: 0.682 Executing VM operation: HandshakeAllThreads (Deoptimize)
Event: 0.682 Executing VM operation: HandshakeAllThreads (Deoptimize) done

Events (15 events):
Event: 0.022 Thread 0x0000011feeb9dcb0 Thread added: 0x0000011feeb9dcb0
Event: 0.034 Thread 0x0000011fcf0519e0 Thread added: 0x0000011fcf0519e0
Event: 0.034 Thread 0x0000011fcf052900 Thread added: 0x0000011fcf052900
Event: 0.034 Thread 0x0000011fcf055820 Thread added: 0x0000011fcf055820
Event: 0.034 Thread 0x0000011fcf056630 Thread added: 0x0000011fcf056630
Event: 0.034 Thread 0x0000011fcf058190 Thread added: 0x0000011fcf058190
Event: 0.034 Thread 0x0000011fcf059cf0 Thread added: 0x0000011fcf059cf0
Event: 0.034 Thread 0x0000011fcf05a840 Thread added: 0x0000011fcf05a840
Event: 0.072 Thread 0x0000011fcf155480 Thread added: 0x0000011fcf155480
Event: 0.077 Thread 0x0000011ffeab01a0 Thread added: 0x0000011ffeab01a0
Event: 0.077 Thread 0x0000011ffeab0850 Thread added: 0x0000011ffeab0850
Event: 0.149 Thread 0x0000011fcf59af50 Thread added: 0x0000011fcf59af50
Event: 0.149 Thread 0x0000011fcf59b5c0 Thread added: 0x0000011fcf59b5c0
Event: 0.262 Thread 0x0000011fcf6715a0 Thread added: 0x0000011fcf6715a0
Event: 0.351 Thread 0x0000011fcf820e90 Thread added: 0x0000011fcf820e90


Dynamic libraries:
0x00007ff7846a0000 - 0x00007ff7846ae000 	C:\Users\BanhMiBietBay\.jdks\openjdk-21.0.2-2\bin\java.exe
0x00007ffad33b0000 - 0x00007ffad35c7000 	C:\WINDOWS\SYSTEM32\ntdll.dll
0x00007ffad1e20000 - 0x00007ffad1ee4000 	C:\WINDOWS\System32\KERNEL32.DLL
0x00007ffad0940000 - 0x00007ffad0ce6000 	C:\WINDOWS\System32\KERNELBASE.dll
0x00007ffad0fe0000 - 0x00007ffad10f1000 	C:\WINDOWS\System32\ucrtbase.dll
0x00007ffab93e0000 - 0x00007ffab93f8000 	C:\Users\BanhMiBietBay\.jdks\openjdk-21.0.2-2\bin\jli.dll
0x00007ffab9400000 - 0x00007ffab941b000 	C:\Users\BanhMiBietBay\.jdks\openjdk-21.0.2-2\bin\VCRUNTIME140.dll
0x00007ffad20e0000 - 0x00007ffad228e000 	C:\WINDOWS\System32\USER32.dll
0x00007ffad0cf0000 - 0x00007ffad0d16000 	C:\WINDOWS\System32\win32u.dll
0x00007ffab60e0000 - 0x00007ffab6373000 	C:\WINDOWS\WinSxS\amd64_microsoft.windows.common-controls_6595b64144ccf1df_6.0.22621.2506_none_270c5ae97388e100\COMCTL32.dll
0x00007ffad2bd0000 - 0x00007ffad2bf9000 	C:\WINDOWS\System32\GDI32.dll
0x00007ffad0820000 - 0x00007ffad0938000 	C:\WINDOWS\System32\gdi32full.dll
0x00007ffad1d70000 - 0x00007ffad1e17000 	C:\WINDOWS\System32\msvcrt.dll
0x00007ffad0d20000 - 0x00007ffad0dba000 	C:\WINDOWS\System32\msvcp_win.dll
0x00007ffad1ce0000 - 0x00007ffad1d11000 	C:\WINDOWS\System32\IMM32.DLL
0x00007ffac2f10000 - 0x00007ffac2f1c000 	C:\Users\BanhMiBietBay\.jdks\openjdk-21.0.2-2\bin\vcruntime140_1.dll
0x00007ffab4f90000 - 0x00007ffab501e000 	C:\Users\BanhMiBietBay\.jdks\openjdk-21.0.2-2\bin\msvcp140.dll
0x00007ffa26e10000 - 0x00007ffa27b27000 	C:\Users\BanhMiBietBay\.jdks\openjdk-21.0.2-2\bin\server\jvm.dll
0x00007ffad2f10000 - 0x00007ffad2fc3000 	C:\WINDOWS\System32\ADVAPI32.dll
0x00007ffad1c30000 - 0x00007ffad1cd8000 	C:\WINDOWS\System32\sechost.dll
0x00007ffad0fb0000 - 0x00007ffad0fd8000 	C:\WINDOWS\System32\bcrypt.dll
0x00007ffad3250000 - 0x00007ffad3367000 	C:\WINDOWS\System32\RPCRT4.dll
0x00007ffad2050000 - 0x00007ffad20c1000 	C:\WINDOWS\System32\WS2_32.dll
0x00007ffacf560000 - 0x00007ffacf5ad000 	C:\WINDOWS\SYSTEM32\POWRPROF.dll
0x00007ffac5d20000 - 0x00007ffac5d2a000 	C:\WINDOWS\SYSTEM32\VERSION.dll
0x00007ffac5fe0000 - 0x00007ffac6014000 	C:\WINDOWS\SYSTEM32\WINMM.dll
0x00007ffacf540000 - 0x00007ffacf553000 	C:\WINDOWS\SYSTEM32\UMPDC.dll
0x00007ffacf760000 - 0x00007ffacf778000 	C:\WINDOWS\SYSTEM32\kernel.appcore.dll
0x00007ffab9460000 - 0x00007ffab946a000 	C:\Users\BanhMiBietBay\.jdks\openjdk-21.0.2-2\bin\jimage.dll
0x00007ffacddb0000 - 0x00007ffacdfe3000 	C:\WINDOWS\SYSTEM32\DBGHELP.DLL
0x00007ffad1740000 - 0x00007ffad1ac9000 	C:\WINDOWS\System32\combase.dll
0x00007ffad1f60000 - 0x00007ffad2037000 	C:\WINDOWS\System32\OLEAUT32.dll
0x00007ffac34c0000 - 0x00007ffac34f2000 	C:\WINDOWS\SYSTEM32\dbgcore.DLL
0x00007ffad0dc0000 - 0x00007ffad0e3a000 	C:\WINDOWS\System32\bcryptPrimitives.dll
0x00007ffac2f00000 - 0x00007ffac2f0f000 	C:\Users\BanhMiBietBay\.jdks\openjdk-21.0.2-2\bin\instrument.dll
0x00007ffab92f0000 - 0x00007ffab930f000 	C:\Users\BanhMiBietBay\.jdks\openjdk-21.0.2-2\bin\java.dll
0x00007ffad2290000 - 0x00007ffad2aeb000 	C:\WINDOWS\System32\SHELL32.dll
0x00007fface610000 - 0x00007ffacef06000 	C:\WINDOWS\SYSTEM32\windows.storage.dll
0x00007fface4d0000 - 0x00007fface60e000 	C:\WINDOWS\SYSTEM32\wintypes.dll
0x00007ffad2ff0000 - 0x00007ffad30e3000 	C:\WINDOWS\System32\SHCORE.dll
0x00007ffad2ea0000 - 0x00007ffad2efe000 	C:\WINDOWS\System32\shlwapi.dll
0x00007ffad0620000 - 0x00007ffad0646000 	C:\WINDOWS\SYSTEM32\profapi.dll
0x00007ffab5eb0000 - 0x00007ffab5ec8000 	C:\Users\BanhMiBietBay\.jdks\openjdk-21.0.2-2\bin\zip.dll
0x00007ffab92d0000 - 0x00007ffab92e0000 	C:\Users\BanhMiBietBay\.jdks\openjdk-21.0.2-2\bin\net.dll
0x00007ffac7ba0000 - 0x00007ffac7cd7000 	C:\WINDOWS\SYSTEM32\WINHTTP.dll
0x00007ffacfca0000 - 0x00007ffacfd09000 	C:\WINDOWS\system32\mswsock.dll
0x00007ffab8f60000 - 0x00007ffab8f76000 	C:\Users\BanhMiBietBay\.jdks\openjdk-21.0.2-2\bin\nio.dll
0x00007ffabb920000 - 0x00007ffabb93a000 	C:\Users\BanhMiBietBay\AppData\Local\Programs\IntelliJ IDEA Ultimate\bin\breakgen64.dll
0x00007ffab9040000 - 0x00007ffab9049000 	C:\Users\BanhMiBietBay\.jdks\openjdk-21.0.2-2\bin\extnet.dll
0x00007ffacf250000 - 0x00007ffacf349000 	C:\WINDOWS\SYSTEM32\DNSAPI.dll
0x00007ffacf220000 - 0x00007ffacf24d000 	C:\WINDOWS\SYSTEM32\IPHLPAPI.DLL
0x00007ffad20d0000 - 0x00007ffad20d9000 	C:\WINDOWS\System32\NSI.dll
0x000000005fee0000 - 0x000000005ff06000 	C:\Program Files\Bonjour\mdnsNSP.dll
0x00007ffac7810000 - 0x00007ffac781a000 	C:\Windows\System32\rasadhlp.dll
0x00007ffac63b0000 - 0x00007ffac6433000 	C:\WINDOWS\System32\fwpuclnt.dll
0x00007ffab94c0000 - 0x00007ffab94ca000 	C:\Users\BanhMiBietBay\.jdks\openjdk-21.0.2-2\bin\management.dll
0x00007ffab9330000 - 0x00007ffab933b000 	C:\Users\BanhMiBietBay\.jdks\openjdk-21.0.2-2\bin\management_ext.dll
0x00007ffad1ef0000 - 0x00007ffad1ef8000 	C:\WINDOWS\System32\PSAPI.DLL
0x00007ffacff00000 - 0x00007ffacff1b000 	C:\WINDOWS\SYSTEM32\CRYPTSP.dll
0x00007ffacf7a0000 - 0x00007ffacf7d5000 	C:\WINDOWS\system32\rsaenh.dll
0x00007ffacfd90000 - 0x00007ffacfdbc000 	C:\WINDOWS\SYSTEM32\USERENV.dll
0x00007ffacfef0000 - 0x00007ffacfefc000 	C:\WINDOWS\SYSTEM32\CRYPTBASE.dll
0x00007ffa98d50000 - 0x00007ffa98d67000 	C:\WINDOWS\system32\napinsp.dll
0x00007ffa98cf0000 - 0x00007ffa98d0b000 	C:\WINDOWS\system32\pnrpnsp.dll
0x00007ffa980b0000 - 0x00007ffa980c1000 	C:\WINDOWS\System32\winrnr.dll
0x00007ffac5b00000 - 0x00007ffac5b15000 	C:\WINDOWS\system32\wshbth.dll
0x00007ffa98080000 - 0x00007ffa980a1000 	C:\WINDOWS\system32\nlansp_c.dll

dbghelp: loaded successfully - version: 4.0.5 - missing functions: none
symbol engine: initialized successfully - sym options: 0x614 - pdb path: .;C:\Users\BanhMiBietBay\.jdks\openjdk-21.0.2-2\bin;C:\WINDOWS\SYSTEM32;C:\WINDOWS\WinSxS\amd64_microsoft.windows.common-controls_6595b64144ccf1df_6.0.22621.2506_none_270c5ae97388e100;C:\Users\BanhMiBietBay\.jdks\openjdk-21.0.2-2\bin\server;C:\Users\BanhMiBietBay\AppData\Local\Programs\IntelliJ IDEA Ultimate\bin;C:\Program Files\Bonjour

VM Arguments:
jvm_args: -XX:TieredStopAtLevel=1 -Dspring.output.ansi.enabled=always -Dcom.sun.management.jmxremote -Dspring.jmx.enabled=true -Dspring.liveBeansView.mbeanDomain -Dspring.application.admin.enabled=true -Dmanagement.endpoints.jmx.exposure.include=* -javaagent:C:\Users\BanhMiBietBay\AppData\Local\Programs\IntelliJ IDEA Ultimate\lib\idea_rt.jar=60666:C:\Users\BanhMiBietBay\AppData\Local\Programs\IntelliJ IDEA Ultimate\bin -Dfile.encoding=UTF-8 -Dsun.stdout.encoding=UTF-8 -Dsun.stderr.encoding=UTF-8 
java_command: JPA.JPA_002.Jpa002Application
java_class_path (initial): D:\6. Learning Time\2. Back-End\LTSEDU\LTS\src\LTSEDU_JavaBackend\src\A1_Java_Developer\J5_JPA\JPA_002\target\classes;C:\Users\BanhMiBietBay\.m2\repository\jakarta\validation\jakarta.validation-api\3.0.2\jakarta.validation-api-3.0.2.jar;C:\Users\BanhMiBietBay\.m2\repository\com\google\code\gson\gson\2.10.1\gson-2.10.1.jar;C:\Users\BanhMiBietBay\.m2\repository\org\springframework\boot\spring-boot-starter-data-jpa\3.2.3\spring-boot-starter-data-jpa-3.2.3.jar;C:\Users\BanhMiBietBay\.m2\repository\org\springframework\boot\spring-boot-starter-aop\3.2.3\spring-boot-starter-aop-3.2.3.jar;C:\Users\BanhMiBietBay\.m2\repository\org\springframework\spring-aop\6.1.4\spring-aop-6.1.4.jar;C:\Users\BanhMiBietBay\.m2\repository\org\aspectj\aspectjweaver\1.9.21\aspectjweaver-1.9.21.jar;C:\Users\BanhMiBietBay\.m2\repository\org\springframework\boot\spring-boot-starter-jdbc\3.2.3\spring-boot-starter-jdbc-3.2.3.jar;C:\Users\BanhMiBietBay\.m2\repository\com\zaxxer\HikariCP\5.0.1\HikariCP-5.0.1.jar;C:\Users\BanhMiBietBay\.m2\repository\org\springframework\spring-jdbc\6.1.4\spring-jdbc-6.1.4.jar;C:\Users\BanhMiBietBay\.m2\repository\org\hibernate\orm\hibernate-core\6.4.4.Final\hibernate-core-6.4.4.Final.jar;C:\Users\BanhMiBietBay\.m2\repository\jakarta\persistence\jakarta.persistence-api\3.1.0\jakarta.persistence-api-3.1.0.jar;C:\Users\BanhMiBietBay\.m2\repository\jakarta\transaction\jakarta.transaction-api\2.0.1\jakarta.transaction-api-2.0.1.jar;C:\Users\BanhMiBietBay\.m2\repository\org\jboss\logging\jboss-logging\3.5.3.Final\jboss-logging-3.5.3.Final.jar;C:\Users\BanhMiBietBay\.m2\repository\org\hibernate\common\hibernate-commons-annotations\6.0.6.Final\hibernate-commons-annotations-6.0.6.Final.jar;C:\Users\BanhMiBietBay\.m2\repository\io\smallrye\jandex\3.1.2\jandex-3.1.2.jar;C:\Users\BanhMiBietBay\.m2\repository\com\fasterxml\classmate\1.6.0\classmate-1.6.0.jar;C:\Users\BanhMiBietBay\.m2\repository\net\bytebuddy\byte-buddy\1.14.12\byte-buddy-1.14.12.jar;C:\Users\BanhMiBietBay\.m2\repository\org\glassfish\jaxb\jaxb-runtime\4.0.4\jaxb-runtime-4.0.4.jar;C:\Users\BanhMiBietBay\.m2\repository\org\glassfish\jaxb\jaxb-core\4.0.4\jaxb-core-4.0.4.jar;C:\Users\BanhMiBietBay\.m2\repository\org\eclipse\angus\angus-activation\2.0.1\angus-activation-2.0.1.jar;C:\Users\BanhMiBietBay\.m2\repository\org\glassfish\jaxb\txw2\4.0.4\txw2-4.0.4.jar;C:\Users\BanhMiBietBay\.m2\repository\com\sun\istack\istack-commons-runtime\4.1.2\istack-commons-runtime-4.1.2.jar;C:\Users\BanhMiBietBay\.m2\repository\jakarta\inject\jakarta.inject-api\2.0.1\jakarta.inject-api-2.0.1.jar;C:\Users\BanhMiBietBay\.m2\repository\org\antlr\antlr4-runtime\4.13.0\antlr4-runtime-4.13.0.jar;C:\Users\BanhMiBietBay\.m2\repository\org\springframework\data\spring-data-jpa\3.2.3\spring-data-jpa-3.2.3.jar;C:\Users\BanhMiBietBay\.m2\repository\org\springframework\data\spring-data-commons\3.2.3\spring-data-commons-3.2.3.jar;C:\Users\BanhMiBietBay\.m2\repository\org\springframework\spring-orm\6.1.4\spring-orm-6.1.4.jar;C:\Users\BanhMiBietBay\.m2\repository\org\springframework\spring-context\6.1.4\spring-context-6.1.4.jar;C:\Users\BanhMiBietBay\.m2\repository\org\springframework\spring-tx\6.1.4\spring-tx-6.1.4.jar;C:\Users\BanhMiBietBay\.m2\repository\org\springframework\spring-beans\6.1.4\spring-beans-6.1.4.jar;C:\Users\BanhMiBietBay\.m2\repository\jakarta\annotation\jakarta.annotation-api\2.1.1\jakarta.annotation-api-2.1.1.jar;C:\Users\BanhMiBietBay\.m2\repository\org\slf4j\slf4j-api\2.0.12\slf4j-api-2.0.12.jar;C:\Users\BanhMiBietBay\.m2\repository\org\springframework\spring-aspects\6.1.4\spring-aspects-6.1.4.jar;C:\Users\BanhMiBietBay\.m2\repository\org\springframework\boot\spring-boot-starter-web\3.2.3\spring-boot-starter-web-3.2.3.jar;C:\Users\BanhMiBietBay\.m2\repository\org\springframework\boot\spring-boot-starter\3.2.3\spring-boot-starter-3.2.3.jar;C:\Users\BanhMiBietBay\.m2\repository\org\springframework\boot\spring-boot\3.2.3\spring-boot-3.2.3.jar;C:\Users\BanhMiBietBay\.m2\repository\org\springframework\boot\spring-boot-autoconfigure\3.2.3\spring-boot-autoconfigure-3.2.3.jar;C:\Users\BanhMiBietBay\.m2\repository\org\springframework\boot\spring-boot-starter-logging\3.2.3\spring-boot-starter-logging-3.2.3.jar;C:\Users\BanhMiBietBay\.m2\repository\ch\qos\logback\logback-classic\1.4.14\logback-classic-1.4.14.jar;C:\Users\BanhMiBietBay\.m2\repository\ch\qos\logback\logback-core\1.4.14\logback-core-1.4.14.jar;C:\Users\BanhMiBietBay\.m2\repository\org\apache\logging\log4j\log4j-to-slf4j\2.21.1\log4j-to-slf4j-2.21.1.jar;C:\Users\BanhMiBietBay\.m2\repository\org\apache\logging\log4j\log4j-api\2.21.1\log4j-api-2.21.1.jar;C:\Users\BanhMiBietBay\.m2\repository\org\slf4j\jul-to-slf4j\2.0.12\jul-to-slf4j-2.0.12.jar;C:\Users\BanhMiBietBay\.m2\repository\org\yaml\snakeyaml\2.2\snakeyaml-2.2.jar;C:\Users\BanhMiBietBay\.m2\repository\org\springframework\boot\spring-boot-starter-json\3.2.3\spring-boot-starter-json-3.2.3.jar;C:\Users\BanhMiBietBay\.m2\repository\com\fasterxml\jackson\core\jackson-databind\2.15.4\jackson-databind-2.15.4.jar;C:\Users\BanhMiBietBay\.m2\repository\com\fasterxml\jackson\core\jackson-annotations\2.15.4\jackson-annotations-2.15.4.jar;C:\Users\BanhMiBietBay\.m2\repository\com\fasterxml\jackson\core\jackson-core\2.15.4\jackson-core-2.15.4.jar;C:\Users\BanhMiBietBay\.m2\repository\com\fasterxml\jackson\datatype\jackson-datatype-jdk8\2.15.4\jackson-datatype-jdk8-2.15.4.jar;C:\Users\BanhMiBietBay\.m2\repository\com\fasterxml\jackson\datatype\jackson-datatype-jsr310\2.15.4\jackson-datatype-jsr310-2.15.4.jar;C:\Users\BanhMiBietBay\.m2\repository\com\fasterxml\jackson\module\jackson-module-parameter-names\2.15.4\jackson-module-parameter-names-2.15.4.jar;C:\Users\BanhMiBietBay\.m2\repository\org\springframework\boot\spring-boot-starter-tomcat\3.2.3\spring-boot-starter-tomcat-3.2.3.jar;C:\Users\BanhMiBietBay\.m2\repository\org\apache\tomcat\embed\tomcat-embed-core\10.1.19\tomcat-embed-core-10.1.19.jar;C:\Users\BanhMiBietBay\.m2\repository\org\apache\tomcat\embed\tomcat-embed-el\10.1.19\tomcat-embed-el-10.1.19.jar;C:\Users\BanhMiBietBay\.m2\repository\org\apache\tomcat\embed\tomcat-embed-websocket\10.1.19\tomcat-embed-websocket-10.1.19.jar;C:\Users\BanhMiBietBay\.m2\repository\org\springframework\spring-web\6.1.4\spring-web-6.1.4.jar;C:\Users\BanhMiBietBay\.m2\repository\io\micrometer\micrometer-observation\1.12.3\micrometer-observation-1.12.3.jar;C:\Users\BanhMiBietBay\.m2\repository\io\micrometer\micrometer-commons\1.12.3\micrometer-commons-1.12.3.jar;C:\Users\BanhMiBietBay\.m2\repository\org\springframework\spring-webmvc\6.1.4\spring-webmvc-6.1.4.jar;C:\Users\BanhMiBietBay\.m2\repository\org\springframework\spring-expression\6.1.4\spring-expression-6.1.4.jar;C:\Users\BanhMiBietBay\.m2\repository\com\mysql\mysql-connector-j\8.3.0\mysql-connector-j-8.3.0.jar;C:\Users\BanhMiBietBay\.m2\repository\jakarta\xml\bind\jakarta.xml.bind-api\4.0.1\jakarta.xml.bind-api-4.0.1.jar;C:\Users\BanhMiBietBay\.m2\repository\jakarta\activation\jakarta.activation-api\2.1.2\jakarta.activation-api-2.1.2.jar;C:\Users\BanhMiBietBay\.m2\repository\org\springframework\spring-core\6.1.4\spring-core-6.1.4.jar;C:\Users\BanhMiBietBay\.m2\repository\org\springframework\spring-jcl\6.1.4\spring-jcl-6.1.4.jar
Launcher Type: SUN_STANDARD

[Global flags]
     intx CICompilerCount                          = 12                                        {product} {ergonomic}
     uint ConcGCThreads                            = 3                                         {product} {ergonomic}
     uint G1ConcRefinementThreads                  = 13                                        {product} {ergonomic}
   size_t G1HeapRegionSize                         = 4194304                                   {product} {ergonomic}
    uintx GCDrainStackTargetSize                   = 64                                        {product} {ergonomic}
   size_t InitialHeapSize                          = 532676608                                 {product} {ergonomic}
     bool ManagementServer                         = true                                      {product} {command line}
   size_t MarkStackSize                            = 4194304                                   {product} {ergonomic}
   size_t MaxHeapSize                              = 8522825728                                {product} {ergonomic}
   size_t MaxNewSize                               = 5112856576                                {product} {ergonomic}
   size_t MinHeapDeltaBytes                        = 4194304                                   {product} {ergonomic}
   size_t MinHeapSize                              = 8388608                                   {product} {ergonomic}
    uintx NonNMethodCodeHeapSize                   = 4096                                   {pd product} {ergonomic}
    uintx NonProfiledCodeHeapSize                  = 0                                      {pd product} {ergonomic}
     bool ProfileInterpreter                       = false                                  {pd product} {command line}
    uintx ProfiledCodeHeapSize                     = 0                                      {pd product} {ergonomic}
   size_t SoftMaxHeapSize                          = 8522825728                             {manageable} {ergonomic}
     intx TieredStopAtLevel                        = 1                                         {product} {command line}
     bool UseCompressedOops                        = true                           {product lp64_product} {ergonomic}
     bool UseG1GC                                  = true                                      {product} {ergonomic}
     bool UseLargePagesIndividualAllocation        = false                                  {pd product} {ergonomic}

Logging:
Log output configuration:
 #0: stdout all=warning uptime,level,tags foldmultilines=false
 #1: stderr all=off uptime,level,tags foldmultilines=false

Environment Variables:
PATH=C:\Users\BanhMiBietBay\Documents\Oracle\WINDOWS.X64_193000_db_home\bin;C:\Users\BanhMiBietBay\Downloads\WINDOWS.X64_193000_db_home\bin;C:\Program Files\Microsoft\jdk-11.0.16.101-hotspot\bin;C:\Program Files (x86)\Common Files\Intel\Shared Libraries\redist\intel64\compiler;C:\Program Files\Common Files\Oracle\Java\javapath;C:\WINDOWS\system32;C:\WINDOWS;C:\WINDOWS\System32\Wbem;C:\WINDOWS\System32\WindowsPowerShell\v1.0\;C:\WINDOWS\System32\OpenSSH\;C:\Program Files\dotnet\;C:\Program Files\NVIDIA Corporation\NVIDIA NvDLISR;C:\Program Files (x86)\NVIDIA Corporation\PhysX\Common;C:\Program Files\Git\cmd;C:\Program Files\Microsoft SQL Server\Client SDK\ODBC\170\Tools\Binn\;C:\Program Files (x86)\Microsoft SQL Server\160\Tools\Binn\;C:\Program Files\Microsoft SQL Server\160\Tools\Binn\;C:\Program Files\Microsoft SQL Server\160\DTS\Binn\;C:\Program Files (x86)\Microsoft SQL Server\150\Tools\Binn\;C:\Program Files\Microsoft SQL Server\150\Tools\Binn\;C:\Program Files\Microsoft SQL Server\150\DTS\Binn\;C:\Program Files (x86)\Microsoft SQL Server\160\DTS\Binn\;C:\Program Files\Azure Data Studio\bin;C:\Program Files\Git LFS;C:\Users\BanhMiBietBay\AppData\Local\Packages\PythonSoftwareFoundation.Python.3.9_qbz5n2kfra8p0\LocalCache\local-packages\Python39\Scripts;C:\flutter\bin;C:\Users\BanhMiBietBay\AppData\Local\Microsoft\WindowsApps;C:\Users\BanhMiBietBay\AppData\Local\JetBrains\Toolbox\scripts;C:\Users\BanhMiBietBay\AppData\Local\Programs\Microsoft VS Code\bin;C:\Users\BanhMiBietBay\.dotnet\tools;C:\Program Files\Azure Data Studio\bin;C:\Program Files\Azure Data Studio\bin;C:\flutter\bin;
USERNAME=BanhMiBietBay
OS=Windows_NT
PROCESSOR_IDENTIFIER=Intel64 Family 6 Model 141 Stepping 1, GenuineIntel
TMP=C:\Users\BANHMI~1\AppData\Local\Temp
TEMP=C:\Users\BANHMI~1\AppData\Local\Temp




Periodic native trim disabled

---------------  S Y S T E M  ---------------

OS:
 Windows 11 , 64 bit Build 22621 (10.0.22621.3085)
OS uptime: 0 days 13:01 hours
Hyper-V role detected

CPU: total 16 (initial active 16) (8 cores per cpu, 2 threads per core) family 6 model 141 stepping 1 microcode 0x4e, cx8, cmov, fxsr, ht, mmx, 3dnowpref, sse, sse2, sse3, ssse3, sse4.1, sse4.2, popcnt, lzcnt, tsc, tscinvbit, avx, avx2, aes, erms, clmul, bmi1, bmi2, adx, avx512f, avx512dq, avx512cd, avx512bw, avx512vl, sha, fma, vzeroupper, avx512_vpopcntdq, avx512_vpclmulqdq, avx512_vaes, avx512_vnni, clflush, clflushopt, clwb, avx512_vbmi2, avx512_vbmi, hv, rdtscp, rdpid, fsrm, gfni, avx512_bitalg, f16c, cet_ibt, cet_ss, avx512_ifma
Processor Information for all 16 processors :
  Max Mhz: 2304, Current Mhz: 2304, Mhz Limit: 2304

Memory: 4k page, system-wide physical 32498M (15466M free)
TotalPageFile size 36594M (AvailPageFile size 603M)
current process WorkingSet (physical memory assigned to process): 90M, peak: 90M
current process commit charge ("private bytes"): 627M, peak: 627M

vm_info: OpenJDK 64-Bit Server VM (21.0.2+13-58) for windows-amd64 JRE (21.0.2+13-58), built on 2024-01-05T18:32:24Z by "mach5one" with MS VC++ 17.1 (VS2022)

END.
